INFO  | 2024-02-04 09:56:47 | [main] hibernate.Version (Version.java:44) - HHH000412: Hibernate ORM core version 6.1.5.Final
WARN  | 2024-02-04 09:56:47 | [main] stax.LocalXmlResourceResolver (LocalXmlResourceResolver.java:110) - HHH90000012: Recognized obsolete hibernate namespace http://hibernate.sourceforge.net/hibernate-configuration. Use namespace http://www.hibernate.org/dtd/hibernate-configuration instead.  Support for obsolete DTD/XSD namespaces may be removed at any time.
WARN  | 2024-02-04 09:56:48 | [main] internal.DriverManagerConnectionProviderImpl (DriverManagerConnectionProviderImpl.java:77) - HHH10001002: Using built-in connection pool (not intended for production use)
INFO  | 2024-02-04 09:56:48 | [main] internal.DriverManagerConnectionProviderImpl (DriverManagerConnectionProviderImpl.java:136) - HHH10001005: Loaded JDBC driver class: com.mysql.cj.jdbc.Driver
INFO  | 2024-02-04 09:56:48 | [main] internal.DriverManagerConnectionProviderImpl (DriverManagerConnectionProviderImpl.java:158) - HHH10001012: Connecting with JDBC URL [jdbc:mysql://localhost:3306/hib01?useSSL=false]
INFO  | 2024-02-04 09:56:48 | [main] internal.DriverManagerConnectionProviderImpl (DriverManagerConnectionProviderImpl.java:167) - HHH10001001: Connection properties: {password=****, user=root}
INFO  | 2024-02-04 09:56:48 | [main] internal.DriverManagerConnectionProviderImpl (DriverManagerConnectionProviderImpl.java:171) - HHH10001003: Autocommit mode: false
INFO  | 2024-02-04 09:56:48 | [main] internal.DriverManagerConnectionProviderImpl$PooledConnections (DriverManagerConnectionProviderImpl.java:363) - HHH10001115: Connection pool size: 50 (min=1)
INFO  | 2024-02-04 09:56:48 | [main] internal.DialectFactoryImpl (DialectFactoryImpl.java:66) - HHH000400: Using dialect: org.hibernate.dialect.MySQL57Dialect
WARN  | 2024-02-04 09:56:48 | [main] internal.DialectFactoryImpl (DialectFactoryImpl.java:73) - HHH90000026: MySQL57Dialect has been deprecated; use org.hibernate.dialect.MySQLDialect instead
INFO  | 2024-02-04 09:56:48 | [main] internal.DdlTransactionIsolatorNonJtaImpl (DdlTransactionIsolatorNonJtaImpl.java:45) - HHH10001501: Connection obtained from JdbcConnectionAccess [org.hibernate.engine.jdbc.env.internal.JdbcEnvironmentInitiator$ConnectionProviderJdbcConnectionAccess@39dec536] for (non-JTA) DDL execution was not in auto-commit mode; the Connection 'local transaction' will be committed and the Connection will be set into auto-commit mode.
INFO  | 2024-02-04 09:56:48 | [main] internal.JtaPlatformInitiator (JtaPlatformInitiator.java:51) - HHH000490: Using JtaPlatform implementation: [org.hibernate.engine.transaction.jta.platform.internal.NoJtaPlatform]
INFO  | 2024-02-04 09:56:48 | [main] internal.DriverManagerConnectionProviderImpl$PoolState (DriverManagerConnectionProviderImpl.java:605) - HHH10001008: Cleaning up connection pool [jdbc:mysql://localhost:3306/hib01?useSSL=false]
INFO  | 2024-02-04 11:11:31 | [main] util.LogHelper (LogHelper.java:31) - HHH000204: Processing PersistenceUnitInfo [name: foo]
INFO  | 2024-02-04 11:11:31 | [main] hibernate.Version (Version.java:44) - HHH000412: Hibernate ORM core version 6.1.5.Final
WARN  | 2024-02-04 11:11:32 | [main] internal.EntityManagerFactoryBuilderImpl (EntityManagerFactoryBuilderImpl.java:670) - HHH90000021: Encountered deprecated setting [javax.persistence.jdbc.user], use [jakarta.persistence.jdbc.user] instead
WARN  | 2024-02-04 11:11:32 | [main] internal.EntityManagerFactoryBuilderImpl (EntityManagerFactoryBuilderImpl.java:692) - HHH90000021: Encountered deprecated setting [javax.persistence.jdbc.password], use [jakarta.persistence.jdbc.password] instead
WARN  | 2024-02-04 11:11:32 | [main] internal.EntityManagerFactoryBuilderImpl (EntityManagerFactoryBuilderImpl.java:1007) - HHH90000021: Encountered deprecated setting [javax.persistence.jdbc.url], use [jakarta.persistence.jdbc.url] instead
WARN  | 2024-02-04 11:11:32 | [main] internal.EntityManagerFactoryBuilderImpl (EntityManagerFactoryBuilderImpl.java:1014) - HHH90000021: Encountered deprecated setting [javax.persistence.jdbc.driver], use [jakarta.persistence.jdbc.driver] instead
WARN  | 2024-02-04 11:11:32 | [main] internal.DriverManagerConnectionProviderImpl (DriverManagerConnectionProviderImpl.java:77) - HHH10001002: Using built-in connection pool (not intended for production use)
INFO  | 2024-02-04 11:11:32 | [main] internal.DriverManagerConnectionProviderImpl (DriverManagerConnectionProviderImpl.java:136) - HHH10001005: Loaded JDBC driver class: com.mysql.jdbc.Driver
INFO  | 2024-02-04 11:11:32 | [main] internal.DriverManagerConnectionProviderImpl (DriverManagerConnectionProviderImpl.java:158) - HHH10001012: Connecting with JDBC URL [jdbc:mysql://localhost:3306/hib01]
INFO  | 2024-02-04 11:11:32 | [main] internal.DriverManagerConnectionProviderImpl (DriverManagerConnectionProviderImpl.java:167) - HHH10001001: Connection properties: {password=****, user=root}
INFO  | 2024-02-04 11:11:32 | [main] internal.DriverManagerConnectionProviderImpl (DriverManagerConnectionProviderImpl.java:171) - HHH10001003: Autocommit mode: false
INFO  | 2024-02-04 11:11:32 | [main] internal.DriverManagerConnectionProviderImpl$PooledConnections (DriverManagerConnectionProviderImpl.java:363) - HHH10001115: Connection pool size: 20 (min=1)
INFO  | 2024-02-04 11:11:32 | [main] internal.DialectFactoryImpl (DialectFactoryImpl.java:66) - HHH000400: Using dialect: org.hibernate.dialect.MySQLDialect
INFO  | 2024-02-04 11:11:33 | [main] internal.DdlTransactionIsolatorNonJtaImpl (DdlTransactionIsolatorNonJtaImpl.java:45) - HHH10001501: Connection obtained from JdbcConnectionAccess [org.hibernate.engine.jdbc.env.internal.JdbcEnvironmentInitiator$ConnectionProviderJdbcConnectionAccess@4342c13] for (non-JTA) DDL execution was not in auto-commit mode; the Connection 'local transaction' will be committed and the Connection will be set into auto-commit mode.
INFO  | 2024-02-04 11:11:33 | [main] internal.DdlTransactionIsolatorNonJtaImpl (DdlTransactionIsolatorNonJtaImpl.java:45) - HHH10001501: Connection obtained from JdbcConnectionAccess [org.hibernate.engine.jdbc.env.internal.JdbcEnvironmentInitiator$ConnectionProviderJdbcConnectionAccess@7f4596d0] for (non-JTA) DDL execution was not in auto-commit mode; the Connection 'local transaction' will be committed and the Connection will be set into auto-commit mode.
INFO  | 2024-02-04 11:11:33 | [main] internal.JtaPlatformInitiator (JtaPlatformInitiator.java:51) - HHH000490: Using JtaPlatform implementation: [org.hibernate.engine.transaction.jta.platform.internal.NoJtaPlatform]
INFO  | 2024-02-04 11:55:15 | [main] hibernate.Version (Version.java:44) - HHH000412: Hibernate ORM core version 6.1.5.Final
WARN  | 2024-02-04 11:55:15 | [main] stax.LocalXmlResourceResolver (LocalXmlResourceResolver.java:110) - HHH90000012: Recognized obsolete hibernate namespace http://hibernate.sourceforge.net/hibernate-configuration. Use namespace http://www.hibernate.org/dtd/hibernate-configuration instead.  Support for obsolete DTD/XSD namespaces may be removed at any time.
WARN  | 2024-02-04 11:55:15 | [main] internal.DriverManagerConnectionProviderImpl (DriverManagerConnectionProviderImpl.java:77) - HHH10001002: Using built-in connection pool (not intended for production use)
INFO  | 2024-02-04 11:55:15 | [main] internal.DriverManagerConnectionProviderImpl (DriverManagerConnectionProviderImpl.java:136) - HHH10001005: Loaded JDBC driver class: com.mysql.cj.jdbc.Driver
INFO  | 2024-02-04 11:55:15 | [main] internal.DriverManagerConnectionProviderImpl (DriverManagerConnectionProviderImpl.java:158) - HHH10001012: Connecting with JDBC URL [jdbc:mysql://localhost:3306/hib01?useSSL=false]
INFO  | 2024-02-04 11:55:15 | [main] internal.DriverManagerConnectionProviderImpl (DriverManagerConnectionProviderImpl.java:167) - HHH10001001: Connection properties: {password=****, user=root}
INFO  | 2024-02-04 11:55:15 | [main] internal.DriverManagerConnectionProviderImpl (DriverManagerConnectionProviderImpl.java:171) - HHH10001003: Autocommit mode: false
INFO  | 2024-02-04 11:55:15 | [main] internal.DriverManagerConnectionProviderImpl$PooledConnections (DriverManagerConnectionProviderImpl.java:363) - HHH10001115: Connection pool size: 50 (min=1)
INFO  | 2024-02-04 11:55:15 | [main] internal.DialectFactoryImpl (DialectFactoryImpl.java:66) - HHH000400: Using dialect: org.hibernate.dialect.MySQL57Dialect
WARN  | 2024-02-04 11:55:15 | [main] internal.DialectFactoryImpl (DialectFactoryImpl.java:73) - HHH90000026: MySQL57Dialect has been deprecated; use org.hibernate.dialect.MySQLDialect instead
INFO  | 2024-02-04 11:55:36 | [main] hibernate.Version (Version.java:44) - HHH000412: Hibernate ORM core version 6.1.5.Final
WARN  | 2024-02-04 11:55:36 | [main] stax.LocalXmlResourceResolver (LocalXmlResourceResolver.java:110) - HHH90000012: Recognized obsolete hibernate namespace http://hibernate.sourceforge.net/hibernate-configuration. Use namespace http://www.hibernate.org/dtd/hibernate-configuration instead.  Support for obsolete DTD/XSD namespaces may be removed at any time.
WARN  | 2024-02-04 11:55:36 | [main] internal.DriverManagerConnectionProviderImpl (DriverManagerConnectionProviderImpl.java:77) - HHH10001002: Using built-in connection pool (not intended for production use)
INFO  | 2024-02-04 11:55:36 | [main] internal.DriverManagerConnectionProviderImpl (DriverManagerConnectionProviderImpl.java:136) - HHH10001005: Loaded JDBC driver class: com.mysql.cj.jdbc.Driver
INFO  | 2024-02-04 11:55:36 | [main] internal.DriverManagerConnectionProviderImpl (DriverManagerConnectionProviderImpl.java:158) - HHH10001012: Connecting with JDBC URL [jdbc:mysql://localhost:3306/hib01?useSSL=false]
INFO  | 2024-02-04 11:55:36 | [main] internal.DriverManagerConnectionProviderImpl (DriverManagerConnectionProviderImpl.java:167) - HHH10001001: Connection properties: {password=****, user=root}
INFO  | 2024-02-04 11:55:36 | [main] internal.DriverManagerConnectionProviderImpl (DriverManagerConnectionProviderImpl.java:171) - HHH10001003: Autocommit mode: false
INFO  | 2024-02-04 11:55:36 | [main] internal.DriverManagerConnectionProviderImpl$PooledConnections (DriverManagerConnectionProviderImpl.java:363) - HHH10001115: Connection pool size: 50 (min=1)
INFO  | 2024-02-04 11:55:36 | [main] internal.DialectFactoryImpl (DialectFactoryImpl.java:66) - HHH000400: Using dialect: org.hibernate.dialect.MySQL57Dialect
WARN  | 2024-02-04 11:55:36 | [main] internal.DialectFactoryImpl (DialectFactoryImpl.java:73) - HHH90000026: MySQL57Dialect has been deprecated; use org.hibernate.dialect.MySQLDialect instead
INFO  | 2024-02-04 11:55:36 | [main] internal.JtaPlatformInitiator (JtaPlatformInitiator.java:51) - HHH000490: Using JtaPlatform implementation: [org.hibernate.engine.transaction.jta.platform.internal.NoJtaPlatform]
INFO  | 2024-02-04 12:06:21 | [main] hibernate.Version (Version.java:44) - HHH000412: Hibernate ORM core version 6.1.5.Final
WARN  | 2024-02-04 12:06:21 | [main] stax.LocalXmlResourceResolver (LocalXmlResourceResolver.java:110) - HHH90000012: Recognized obsolete hibernate namespace http://hibernate.sourceforge.net/hibernate-configuration. Use namespace http://www.hibernate.org/dtd/hibernate-configuration instead.  Support for obsolete DTD/XSD namespaces may be removed at any time.
WARN  | 2024-02-04 12:06:21 | [main] internal.DriverManagerConnectionProviderImpl (DriverManagerConnectionProviderImpl.java:77) - HHH10001002: Using built-in connection pool (not intended for production use)
INFO  | 2024-02-04 12:06:21 | [main] internal.DriverManagerConnectionProviderImpl (DriverManagerConnectionProviderImpl.java:136) - HHH10001005: Loaded JDBC driver class: com.mysql.cj.jdbc.Driver
INFO  | 2024-02-04 12:06:21 | [main] internal.DriverManagerConnectionProviderImpl (DriverManagerConnectionProviderImpl.java:158) - HHH10001012: Connecting with JDBC URL [jdbc:mysql://localhost:3306/hib_bca?useSSL=false]
INFO  | 2024-02-04 12:06:21 | [main] internal.DriverManagerConnectionProviderImpl (DriverManagerConnectionProviderImpl.java:167) - HHH10001001: Connection properties: {password=****, user=root}
INFO  | 2024-02-04 12:06:21 | [main] internal.DriverManagerConnectionProviderImpl (DriverManagerConnectionProviderImpl.java:171) - HHH10001003: Autocommit mode: false
INFO  | 2024-02-04 12:06:21 | [main] internal.DriverManagerConnectionProviderImpl$PooledConnections (DriverManagerConnectionProviderImpl.java:363) - HHH10001115: Connection pool size: 50 (min=1)
INFO  | 2024-02-04 12:06:21 | [main] internal.DialectFactoryImpl (DialectFactoryImpl.java:66) - HHH000400: Using dialect: org.hibernate.dialect.MySQL57Dialect
WARN  | 2024-02-04 12:06:21 | [main] internal.DialectFactoryImpl (DialectFactoryImpl.java:73) - HHH90000026: MySQL57Dialect has been deprecated; use org.hibernate.dialect.MySQLDialect instead
INFO  | 2024-02-04 12:06:22 | [main] internal.DdlTransactionIsolatorNonJtaImpl (DdlTransactionIsolatorNonJtaImpl.java:45) - HHH10001501: Connection obtained from JdbcConnectionAccess [org.hibernate.engine.jdbc.env.internal.JdbcEnvironmentInitiator$ConnectionProviderJdbcConnectionAccess@7fedb795] for (non-JTA) DDL execution was not in auto-commit mode; the Connection 'local transaction' will be committed and the Connection will be set into auto-commit mode.
INFO  | 2024-02-04 12:06:22 | [main] internal.JtaPlatformInitiator (JtaPlatformInitiator.java:51) - HHH000490: Using JtaPlatform implementation: [org.hibernate.engine.transaction.jta.platform.internal.NoJtaPlatform]
INFO  | 2024-02-04 12:11:50 | [main] hibernate.Version (Version.java:44) - HHH000412: Hibernate ORM core version 6.1.5.Final
WARN  | 2024-02-04 12:11:51 | [main] stax.LocalXmlResourceResolver (LocalXmlResourceResolver.java:110) - HHH90000012: Recognized obsolete hibernate namespace http://hibernate.sourceforge.net/hibernate-configuration. Use namespace http://www.hibernate.org/dtd/hibernate-configuration instead.  Support for obsolete DTD/XSD namespaces may be removed at any time.
WARN  | 2024-02-04 12:11:51 | [main] internal.DriverManagerConnectionProviderImpl (DriverManagerConnectionProviderImpl.java:77) - HHH10001002: Using built-in connection pool (not intended for production use)
INFO  | 2024-02-04 12:11:51 | [main] internal.DriverManagerConnectionProviderImpl (DriverManagerConnectionProviderImpl.java:136) - HHH10001005: Loaded JDBC driver class: com.mysql.cj.jdbc.Driver
INFO  | 2024-02-04 12:11:51 | [main] internal.DriverManagerConnectionProviderImpl (DriverManagerConnectionProviderImpl.java:158) - HHH10001012: Connecting with JDBC URL [jdbc:mysql://localhost:3306/hib_bca?useSSL=false]
INFO  | 2024-02-04 12:11:51 | [main] internal.DriverManagerConnectionProviderImpl (DriverManagerConnectionProviderImpl.java:167) - HHH10001001: Connection properties: {password=****, user=root}
INFO  | 2024-02-04 12:11:51 | [main] internal.DriverManagerConnectionProviderImpl (DriverManagerConnectionProviderImpl.java:171) - HHH10001003: Autocommit mode: false
INFO  | 2024-02-04 12:11:51 | [main] internal.DriverManagerConnectionProviderImpl$PooledConnections (DriverManagerConnectionProviderImpl.java:363) - HHH10001115: Connection pool size: 50 (min=1)
INFO  | 2024-02-04 12:11:51 | [main] internal.DialectFactoryImpl (DialectFactoryImpl.java:66) - HHH000400: Using dialect: org.hibernate.dialect.MySQL57Dialect
WARN  | 2024-02-04 12:11:51 | [main] internal.DialectFactoryImpl (DialectFactoryImpl.java:73) - HHH90000026: MySQL57Dialect has been deprecated; use org.hibernate.dialect.MySQLDialect instead
INFO  | 2024-02-04 12:11:51 | [main] internal.DdlTransactionIsolatorNonJtaImpl (DdlTransactionIsolatorNonJtaImpl.java:45) - HHH10001501: Connection obtained from JdbcConnectionAccess [org.hibernate.engine.jdbc.env.internal.JdbcEnvironmentInitiator$ConnectionProviderJdbcConnectionAccess@7fedb795] for (non-JTA) DDL execution was not in auto-commit mode; the Connection 'local transaction' will be committed and the Connection will be set into auto-commit mode.
INFO  | 2024-02-04 12:11:51 | [main] internal.JtaPlatformInitiator (JtaPlatformInitiator.java:51) - HHH000490: Using JtaPlatform implementation: [org.hibernate.engine.transaction.jta.platform.internal.NoJtaPlatform]
INFO  | 2024-02-04 12:11:52 | [main] internal.DriverManagerConnectionProviderImpl$PoolState (DriverManagerConnectionProviderImpl.java:605) - HHH10001008: Cleaning up connection pool [jdbc:mysql://localhost:3306/hib_bca?useSSL=false]
INFO  | 2024-02-04 12:18:51 | [main] hibernate.Version (Version.java:44) - HHH000412: Hibernate ORM core version 6.1.5.Final
WARN  | 2024-02-04 12:18:51 | [main] stax.LocalXmlResourceResolver (LocalXmlResourceResolver.java:110) - HHH90000012: Recognized obsolete hibernate namespace http://hibernate.sourceforge.net/hibernate-configuration. Use namespace http://www.hibernate.org/dtd/hibernate-configuration instead.  Support for obsolete DTD/XSD namespaces may be removed at any time.
WARN  | 2024-02-04 12:18:51 | [main] internal.DriverManagerConnectionProviderImpl (DriverManagerConnectionProviderImpl.java:77) - HHH10001002: Using built-in connection pool (not intended for production use)
INFO  | 2024-02-04 12:18:51 | [main] internal.DriverManagerConnectionProviderImpl (DriverManagerConnectionProviderImpl.java:136) - HHH10001005: Loaded JDBC driver class: com.mysql.cj.jdbc.Driver
INFO  | 2024-02-04 12:18:51 | [main] internal.DriverManagerConnectionProviderImpl (DriverManagerConnectionProviderImpl.java:158) - HHH10001012: Connecting with JDBC URL [jdbc:mysql://localhost:3306/hib_bca?useSSL=false]
INFO  | 2024-02-04 12:18:51 | [main] internal.DriverManagerConnectionProviderImpl (DriverManagerConnectionProviderImpl.java:167) - HHH10001001: Connection properties: {password=****, user=root}
INFO  | 2024-02-04 12:18:51 | [main] internal.DriverManagerConnectionProviderImpl (DriverManagerConnectionProviderImpl.java:171) - HHH10001003: Autocommit mode: false
INFO  | 2024-02-04 12:18:51 | [main] internal.DriverManagerConnectionProviderImpl$PooledConnections (DriverManagerConnectionProviderImpl.java:363) - HHH10001115: Connection pool size: 50 (min=1)
INFO  | 2024-02-04 12:18:51 | [main] internal.DialectFactoryImpl (DialectFactoryImpl.java:66) - HHH000400: Using dialect: org.hibernate.dialect.MySQL57Dialect
WARN  | 2024-02-04 12:18:51 | [main] internal.DialectFactoryImpl (DialectFactoryImpl.java:73) - HHH90000026: MySQL57Dialect has been deprecated; use org.hibernate.dialect.MySQLDialect instead
INFO  | 2024-02-04 12:18:51 | [main] internal.DdlTransactionIsolatorNonJtaImpl (DdlTransactionIsolatorNonJtaImpl.java:45) - HHH10001501: Connection obtained from JdbcConnectionAccess [org.hibernate.engine.jdbc.env.internal.JdbcEnvironmentInitiator$ConnectionProviderJdbcConnectionAccess@7fedb795] for (non-JTA) DDL execution was not in auto-commit mode; the Connection 'local transaction' will be committed and the Connection will be set into auto-commit mode.
INFO  | 2024-02-04 12:18:51 | [main] internal.JtaPlatformInitiator (JtaPlatformInitiator.java:51) - HHH000490: Using JtaPlatform implementation: [org.hibernate.engine.transaction.jta.platform.internal.NoJtaPlatform]
INFO  | 2024-02-04 12:18:52 | [main] internal.DriverManagerConnectionProviderImpl$PoolState (DriverManagerConnectionProviderImpl.java:605) - HHH10001008: Cleaning up connection pool [jdbc:mysql://localhost:3306/hib_bca?useSSL=false]
INFO  | 2024-02-04 12:20:28 | [main] hibernate.Version (Version.java:44) - HHH000412: Hibernate ORM core version 6.1.5.Final
WARN  | 2024-02-04 12:20:28 | [main] stax.LocalXmlResourceResolver (LocalXmlResourceResolver.java:110) - HHH90000012: Recognized obsolete hibernate namespace http://hibernate.sourceforge.net/hibernate-configuration. Use namespace http://www.hibernate.org/dtd/hibernate-configuration instead.  Support for obsolete DTD/XSD namespaces may be removed at any time.
WARN  | 2024-02-04 12:20:28 | [main] internal.DriverManagerConnectionProviderImpl (DriverManagerConnectionProviderImpl.java:77) - HHH10001002: Using built-in connection pool (not intended for production use)
INFO  | 2024-02-04 12:20:28 | [main] internal.DriverManagerConnectionProviderImpl (DriverManagerConnectionProviderImpl.java:136) - HHH10001005: Loaded JDBC driver class: com.mysql.cj.jdbc.Driver
INFO  | 2024-02-04 12:20:28 | [main] internal.DriverManagerConnectionProviderImpl (DriverManagerConnectionProviderImpl.java:158) - HHH10001012: Connecting with JDBC URL [jdbc:mysql://localhost:3306/hib_bca?useSSL=false]
INFO  | 2024-02-04 12:20:28 | [main] internal.DriverManagerConnectionProviderImpl (DriverManagerConnectionProviderImpl.java:167) - HHH10001001: Connection properties: {password=****, user=root}
INFO  | 2024-02-04 12:20:28 | [main] internal.DriverManagerConnectionProviderImpl (DriverManagerConnectionProviderImpl.java:171) - HHH10001003: Autocommit mode: false
INFO  | 2024-02-04 12:20:28 | [main] internal.DriverManagerConnectionProviderImpl$PooledConnections (DriverManagerConnectionProviderImpl.java:363) - HHH10001115: Connection pool size: 50 (min=1)
INFO  | 2024-02-04 12:20:28 | [main] internal.DialectFactoryImpl (DialectFactoryImpl.java:66) - HHH000400: Using dialect: org.hibernate.dialect.MySQL57Dialect
WARN  | 2024-02-04 12:20:28 | [main] internal.DialectFactoryImpl (DialectFactoryImpl.java:73) - HHH90000026: MySQL57Dialect has been deprecated; use org.hibernate.dialect.MySQLDialect instead
INFO  | 2024-02-04 12:20:29 | [main] internal.DdlTransactionIsolatorNonJtaImpl (DdlTransactionIsolatorNonJtaImpl.java:45) - HHH10001501: Connection obtained from JdbcConnectionAccess [org.hibernate.engine.jdbc.env.internal.JdbcEnvironmentInitiator$ConnectionProviderJdbcConnectionAccess@7fedb795] for (non-JTA) DDL execution was not in auto-commit mode; the Connection 'local transaction' will be committed and the Connection will be set into auto-commit mode.
INFO  | 2024-02-04 12:20:29 | [main] internal.JtaPlatformInitiator (JtaPlatformInitiator.java:51) - HHH000490: Using JtaPlatform implementation: [org.hibernate.engine.transaction.jta.platform.internal.NoJtaPlatform]
INFO  | 2024-02-04 12:20:29 | [main] internal.DriverManagerConnectionProviderImpl$PoolState (DriverManagerConnectionProviderImpl.java:605) - HHH10001008: Cleaning up connection pool [jdbc:mysql://localhost:3306/hib_bca?useSSL=false]
INFO  | 2024-02-04 12:24:12 | [main] hibernate.Version (Version.java:44) - HHH000412: Hibernate ORM core version 6.1.5.Final
WARN  | 2024-02-04 12:24:12 | [main] stax.LocalXmlResourceResolver (LocalXmlResourceResolver.java:110) - HHH90000012: Recognized obsolete hibernate namespace http://hibernate.sourceforge.net/hibernate-configuration. Use namespace http://www.hibernate.org/dtd/hibernate-configuration instead.  Support for obsolete DTD/XSD namespaces may be removed at any time.
WARN  | 2024-02-04 12:24:12 | [main] internal.DriverManagerConnectionProviderImpl (DriverManagerConnectionProviderImpl.java:77) - HHH10001002: Using built-in connection pool (not intended for production use)
INFO  | 2024-02-04 12:24:12 | [main] internal.DriverManagerConnectionProviderImpl (DriverManagerConnectionProviderImpl.java:136) - HHH10001005: Loaded JDBC driver class: com.mysql.cj.jdbc.Driver
INFO  | 2024-02-04 12:24:12 | [main] internal.DriverManagerConnectionProviderImpl (DriverManagerConnectionProviderImpl.java:158) - HHH10001012: Connecting with JDBC URL [jdbc:mysql://localhost:3306/hib_bca?useSSL=false]
INFO  | 2024-02-04 12:24:12 | [main] internal.DriverManagerConnectionProviderImpl (DriverManagerConnectionProviderImpl.java:167) - HHH10001001: Connection properties: {password=****, user=root}
INFO  | 2024-02-04 12:24:12 | [main] internal.DriverManagerConnectionProviderImpl (DriverManagerConnectionProviderImpl.java:171) - HHH10001003: Autocommit mode: false
INFO  | 2024-02-04 12:24:12 | [main] internal.DriverManagerConnectionProviderImpl$PooledConnections (DriverManagerConnectionProviderImpl.java:363) - HHH10001115: Connection pool size: 50 (min=1)
INFO  | 2024-02-04 12:24:12 | [main] internal.DialectFactoryImpl (DialectFactoryImpl.java:66) - HHH000400: Using dialect: org.hibernate.dialect.MySQL57Dialect
WARN  | 2024-02-04 12:24:12 | [main] internal.DialectFactoryImpl (DialectFactoryImpl.java:73) - HHH90000026: MySQL57Dialect has been deprecated; use org.hibernate.dialect.MySQLDialect instead
INFO  | 2024-02-04 12:24:13 | [main] internal.DdlTransactionIsolatorNonJtaImpl (DdlTransactionIsolatorNonJtaImpl.java:45) - HHH10001501: Connection obtained from JdbcConnectionAccess [org.hibernate.engine.jdbc.env.internal.JdbcEnvironmentInitiator$ConnectionProviderJdbcConnectionAccess@7fedb795] for (non-JTA) DDL execution was not in auto-commit mode; the Connection 'local transaction' will be committed and the Connection will be set into auto-commit mode.
INFO  | 2024-02-04 12:24:13 | [main] internal.JtaPlatformInitiator (JtaPlatformInitiator.java:51) - HHH000490: Using JtaPlatform implementation: [org.hibernate.engine.transaction.jta.platform.internal.NoJtaPlatform]
INFO  | 2024-02-04 12:24:13 | [main] internal.DriverManagerConnectionProviderImpl$PoolState (DriverManagerConnectionProviderImpl.java:605) - HHH10001008: Cleaning up connection pool [jdbc:mysql://localhost:3306/hib_bca?useSSL=false]
INFO  | 2024-02-04 12:27:45 | [main] hibernate.Version (Version.java:44) - HHH000412: Hibernate ORM core version 6.1.5.Final
WARN  | 2024-02-04 12:27:45 | [main] stax.LocalXmlResourceResolver (LocalXmlResourceResolver.java:110) - HHH90000012: Recognized obsolete hibernate namespace http://hibernate.sourceforge.net/hibernate-configuration. Use namespace http://www.hibernate.org/dtd/hibernate-configuration instead.  Support for obsolete DTD/XSD namespaces may be removed at any time.
WARN  | 2024-02-04 12:27:45 | [main] internal.DriverManagerConnectionProviderImpl (DriverManagerConnectionProviderImpl.java:77) - HHH10001002: Using built-in connection pool (not intended for production use)
INFO  | 2024-02-04 12:27:45 | [main] internal.DriverManagerConnectionProviderImpl (DriverManagerConnectionProviderImpl.java:136) - HHH10001005: Loaded JDBC driver class: com.mysql.cj.jdbc.Driver
INFO  | 2024-02-04 12:27:45 | [main] internal.DriverManagerConnectionProviderImpl (DriverManagerConnectionProviderImpl.java:158) - HHH10001012: Connecting with JDBC URL [jdbc:mysql://localhost:3306/hib_bca?useSSL=false]
INFO  | 2024-02-04 12:27:45 | [main] internal.DriverManagerConnectionProviderImpl (DriverManagerConnectionProviderImpl.java:167) - HHH10001001: Connection properties: {password=****, user=root}
INFO  | 2024-02-04 12:27:45 | [main] internal.DriverManagerConnectionProviderImpl (DriverManagerConnectionProviderImpl.java:171) - HHH10001003: Autocommit mode: false
INFO  | 2024-02-04 12:27:45 | [main] internal.DriverManagerConnectionProviderImpl$PooledConnections (DriverManagerConnectionProviderImpl.java:363) - HHH10001115: Connection pool size: 50 (min=1)
INFO  | 2024-02-04 12:27:45 | [main] internal.DialectFactoryImpl (DialectFactoryImpl.java:66) - HHH000400: Using dialect: org.hibernate.dialect.MySQL57Dialect
WARN  | 2024-02-04 12:27:45 | [main] internal.DialectFactoryImpl (DialectFactoryImpl.java:73) - HHH90000026: MySQL57Dialect has been deprecated; use org.hibernate.dialect.MySQLDialect instead
INFO  | 2024-02-04 12:27:46 | [main] internal.DdlTransactionIsolatorNonJtaImpl (DdlTransactionIsolatorNonJtaImpl.java:45) - HHH10001501: Connection obtained from JdbcConnectionAccess [org.hibernate.engine.jdbc.env.internal.JdbcEnvironmentInitiator$ConnectionProviderJdbcConnectionAccess@7fedb795] for (non-JTA) DDL execution was not in auto-commit mode; the Connection 'local transaction' will be committed and the Connection will be set into auto-commit mode.
INFO  | 2024-02-04 12:27:46 | [main] internal.JtaPlatformInitiator (JtaPlatformInitiator.java:51) - HHH000490: Using JtaPlatform implementation: [org.hibernate.engine.transaction.jta.platform.internal.NoJtaPlatform]
INFO  | 2024-02-04 12:27:46 | [main] internal.DriverManagerConnectionProviderImpl$PoolState (DriverManagerConnectionProviderImpl.java:605) - HHH10001008: Cleaning up connection pool [jdbc:mysql://localhost:3306/hib_bca?useSSL=false]
INFO  | 2024-02-04 12:35:14 | [main] hibernate.Version (Version.java:44) - HHH000412: Hibernate ORM core version 6.1.5.Final
WARN  | 2024-02-04 12:35:14 | [main] stax.LocalXmlResourceResolver (LocalXmlResourceResolver.java:110) - HHH90000012: Recognized obsolete hibernate namespace http://hibernate.sourceforge.net/hibernate-configuration. Use namespace http://www.hibernate.org/dtd/hibernate-configuration instead.  Support for obsolete DTD/XSD namespaces may be removed at any time.
WARN  | 2024-02-04 12:35:14 | [main] internal.DriverManagerConnectionProviderImpl (DriverManagerConnectionProviderImpl.java:77) - HHH10001002: Using built-in connection pool (not intended for production use)
INFO  | 2024-02-04 12:35:14 | [main] internal.DriverManagerConnectionProviderImpl (DriverManagerConnectionProviderImpl.java:136) - HHH10001005: Loaded JDBC driver class: com.mysql.cj.jdbc.Driver
INFO  | 2024-02-04 12:35:14 | [main] internal.DriverManagerConnectionProviderImpl (DriverManagerConnectionProviderImpl.java:158) - HHH10001012: Connecting with JDBC URL [jdbc:mysql://localhost:3306/hib_bca?useSSL=false]
INFO  | 2024-02-04 12:35:14 | [main] internal.DriverManagerConnectionProviderImpl (DriverManagerConnectionProviderImpl.java:167) - HHH10001001: Connection properties: {password=****, user=root}
INFO  | 2024-02-04 12:35:14 | [main] internal.DriverManagerConnectionProviderImpl (DriverManagerConnectionProviderImpl.java:171) - HHH10001003: Autocommit mode: false
INFO  | 2024-02-04 12:35:14 | [main] internal.DriverManagerConnectionProviderImpl$PooledConnections (DriverManagerConnectionProviderImpl.java:363) - HHH10001115: Connection pool size: 50 (min=1)
INFO  | 2024-02-04 12:35:14 | [main] internal.DialectFactoryImpl (DialectFactoryImpl.java:66) - HHH000400: Using dialect: org.hibernate.dialect.MySQL57Dialect
WARN  | 2024-02-04 12:35:14 | [main] internal.DialectFactoryImpl (DialectFactoryImpl.java:73) - HHH90000026: MySQL57Dialect has been deprecated; use org.hibernate.dialect.MySQLDialect instead
INFO  | 2024-02-04 12:35:15 | [main] internal.DdlTransactionIsolatorNonJtaImpl (DdlTransactionIsolatorNonJtaImpl.java:45) - HHH10001501: Connection obtained from JdbcConnectionAccess [org.hibernate.engine.jdbc.env.internal.JdbcEnvironmentInitiator$ConnectionProviderJdbcConnectionAccess@7fedb795] for (non-JTA) DDL execution was not in auto-commit mode; the Connection 'local transaction' will be committed and the Connection will be set into auto-commit mode.
INFO  | 2024-02-04 12:35:15 | [main] internal.JtaPlatformInitiator (JtaPlatformInitiator.java:51) - HHH000490: Using JtaPlatform implementation: [org.hibernate.engine.transaction.jta.platform.internal.NoJtaPlatform]
INFO  | 2024-02-04 12:35:15 | [main] internal.DriverManagerConnectionProviderImpl$PoolState (DriverManagerConnectionProviderImpl.java:605) - HHH10001008: Cleaning up connection pool [jdbc:mysql://localhost:3306/hib_bca?useSSL=false]
INFO  | 2024-02-04 12:35:36 | [main] hibernate.Version (Version.java:44) - HHH000412: Hibernate ORM core version 6.1.5.Final
WARN  | 2024-02-04 12:35:36 | [main] stax.LocalXmlResourceResolver (LocalXmlResourceResolver.java:110) - HHH90000012: Recognized obsolete hibernate namespace http://hibernate.sourceforge.net/hibernate-configuration. Use namespace http://www.hibernate.org/dtd/hibernate-configuration instead.  Support for obsolete DTD/XSD namespaces may be removed at any time.
WARN  | 2024-02-04 12:35:37 | [main] internal.DriverManagerConnectionProviderImpl (DriverManagerConnectionProviderImpl.java:77) - HHH10001002: Using built-in connection pool (not intended for production use)
INFO  | 2024-02-04 12:35:37 | [main] internal.DriverManagerConnectionProviderImpl (DriverManagerConnectionProviderImpl.java:136) - HHH10001005: Loaded JDBC driver class: com.mysql.cj.jdbc.Driver
INFO  | 2024-02-04 12:35:37 | [main] internal.DriverManagerConnectionProviderImpl (DriverManagerConnectionProviderImpl.java:158) - HHH10001012: Connecting with JDBC URL [jdbc:mysql://localhost:3306/hib_bca?useSSL=false]
INFO  | 2024-02-04 12:35:37 | [main] internal.DriverManagerConnectionProviderImpl (DriverManagerConnectionProviderImpl.java:167) - HHH10001001: Connection properties: {password=****, user=root}
INFO  | 2024-02-04 12:35:37 | [main] internal.DriverManagerConnectionProviderImpl (DriverManagerConnectionProviderImpl.java:171) - HHH10001003: Autocommit mode: false
INFO  | 2024-02-04 12:35:37 | [main] internal.DriverManagerConnectionProviderImpl$PooledConnections (DriverManagerConnectionProviderImpl.java:363) - HHH10001115: Connection pool size: 50 (min=1)
INFO  | 2024-02-04 12:35:37 | [main] internal.DialectFactoryImpl (DialectFactoryImpl.java:66) - HHH000400: Using dialect: org.hibernate.dialect.MySQL57Dialect
WARN  | 2024-02-04 12:35:37 | [main] internal.DialectFactoryImpl (DialectFactoryImpl.java:73) - HHH90000026: MySQL57Dialect has been deprecated; use org.hibernate.dialect.MySQLDialect instead
INFO  | 2024-02-04 12:35:38 | [main] internal.DdlTransactionIsolatorNonJtaImpl (DdlTransactionIsolatorNonJtaImpl.java:45) - HHH10001501: Connection obtained from JdbcConnectionAccess [org.hibernate.engine.jdbc.env.internal.JdbcEnvironmentInitiator$ConnectionProviderJdbcConnectionAccess@7fedb795] for (non-JTA) DDL execution was not in auto-commit mode; the Connection 'local transaction' will be committed and the Connection will be set into auto-commit mode.
INFO  | 2024-02-04 12:35:38 | [main] internal.JtaPlatformInitiator (JtaPlatformInitiator.java:51) - HHH000490: Using JtaPlatform implementation: [org.hibernate.engine.transaction.jta.platform.internal.NoJtaPlatform]
INFO  | 2024-02-04 12:35:38 | [main] internal.DriverManagerConnectionProviderImpl$PoolState (DriverManagerConnectionProviderImpl.java:605) - HHH10001008: Cleaning up connection pool [jdbc:mysql://localhost:3306/hib_bca?useSSL=false]
INFO  | 2024-02-04 12:36:11 | [main] hibernate.Version (Version.java:44) - HHH000412: Hibernate ORM core version 6.1.5.Final
WARN  | 2024-02-04 12:36:11 | [main] stax.LocalXmlResourceResolver (LocalXmlResourceResolver.java:110) - HHH90000012: Recognized obsolete hibernate namespace http://hibernate.sourceforge.net/hibernate-configuration. Use namespace http://www.hibernate.org/dtd/hibernate-configuration instead.  Support for obsolete DTD/XSD namespaces may be removed at any time.
WARN  | 2024-02-04 12:36:11 | [main] internal.DriverManagerConnectionProviderImpl (DriverManagerConnectionProviderImpl.java:77) - HHH10001002: Using built-in connection pool (not intended for production use)
INFO  | 2024-02-04 12:36:11 | [main] internal.DriverManagerConnectionProviderImpl (DriverManagerConnectionProviderImpl.java:136) - HHH10001005: Loaded JDBC driver class: com.mysql.cj.jdbc.Driver
INFO  | 2024-02-04 12:36:11 | [main] internal.DriverManagerConnectionProviderImpl (DriverManagerConnectionProviderImpl.java:158) - HHH10001012: Connecting with JDBC URL [jdbc:mysql://localhost:3306/hib_bca?useSSL=false]
INFO  | 2024-02-04 12:36:11 | [main] internal.DriverManagerConnectionProviderImpl (DriverManagerConnectionProviderImpl.java:167) - HHH10001001: Connection properties: {password=****, user=root}
INFO  | 2024-02-04 12:36:11 | [main] internal.DriverManagerConnectionProviderImpl (DriverManagerConnectionProviderImpl.java:171) - HHH10001003: Autocommit mode: false
INFO  | 2024-02-04 12:36:11 | [main] internal.DriverManagerConnectionProviderImpl$PooledConnections (DriverManagerConnectionProviderImpl.java:363) - HHH10001115: Connection pool size: 50 (min=1)
INFO  | 2024-02-04 12:36:11 | [main] internal.DialectFactoryImpl (DialectFactoryImpl.java:66) - HHH000400: Using dialect: org.hibernate.dialect.MySQL57Dialect
WARN  | 2024-02-04 12:36:11 | [main] internal.DialectFactoryImpl (DialectFactoryImpl.java:73) - HHH90000026: MySQL57Dialect has been deprecated; use org.hibernate.dialect.MySQLDialect instead
INFO  | 2024-02-04 12:36:12 | [main] internal.DdlTransactionIsolatorNonJtaImpl (DdlTransactionIsolatorNonJtaImpl.java:45) - HHH10001501: Connection obtained from JdbcConnectionAccess [org.hibernate.engine.jdbc.env.internal.JdbcEnvironmentInitiator$ConnectionProviderJdbcConnectionAccess@7fedb795] for (non-JTA) DDL execution was not in auto-commit mode; the Connection 'local transaction' will be committed and the Connection will be set into auto-commit mode.
INFO  | 2024-02-04 12:36:12 | [main] internal.JtaPlatformInitiator (JtaPlatformInitiator.java:51) - HHH000490: Using JtaPlatform implementation: [org.hibernate.engine.transaction.jta.platform.internal.NoJtaPlatform]
INFO  | 2024-02-04 12:36:12 | [main] internal.DriverManagerConnectionProviderImpl$PoolState (DriverManagerConnectionProviderImpl.java:605) - HHH10001008: Cleaning up connection pool [jdbc:mysql://localhost:3306/hib_bca?useSSL=false]
INFO  | 2024-02-04 12:36:35 | [main] hibernate.Version (Version.java:44) - HHH000412: Hibernate ORM core version 6.1.5.Final
WARN  | 2024-02-04 12:36:35 | [main] stax.LocalXmlResourceResolver (LocalXmlResourceResolver.java:110) - HHH90000012: Recognized obsolete hibernate namespace http://hibernate.sourceforge.net/hibernate-configuration. Use namespace http://www.hibernate.org/dtd/hibernate-configuration instead.  Support for obsolete DTD/XSD namespaces may be removed at any time.
WARN  | 2024-02-04 12:36:35 | [main] internal.DriverManagerConnectionProviderImpl (DriverManagerConnectionProviderImpl.java:77) - HHH10001002: Using built-in connection pool (not intended for production use)
INFO  | 2024-02-04 12:36:35 | [main] internal.DriverManagerConnectionProviderImpl (DriverManagerConnectionProviderImpl.java:136) - HHH10001005: Loaded JDBC driver class: com.mysql.cj.jdbc.Driver
INFO  | 2024-02-04 12:36:35 | [main] internal.DriverManagerConnectionProviderImpl (DriverManagerConnectionProviderImpl.java:158) - HHH10001012: Connecting with JDBC URL [jdbc:mysql://localhost:3306/hib_bca?useSSL=false]
INFO  | 2024-02-04 12:36:35 | [main] internal.DriverManagerConnectionProviderImpl (DriverManagerConnectionProviderImpl.java:167) - HHH10001001: Connection properties: {password=****, user=root}
INFO  | 2024-02-04 12:36:35 | [main] internal.DriverManagerConnectionProviderImpl (DriverManagerConnectionProviderImpl.java:171) - HHH10001003: Autocommit mode: false
INFO  | 2024-02-04 12:36:35 | [main] internal.DriverManagerConnectionProviderImpl$PooledConnections (DriverManagerConnectionProviderImpl.java:363) - HHH10001115: Connection pool size: 50 (min=1)
INFO  | 2024-02-04 12:36:36 | [main] internal.DialectFactoryImpl (DialectFactoryImpl.java:66) - HHH000400: Using dialect: org.hibernate.dialect.MySQL57Dialect
WARN  | 2024-02-04 12:36:36 | [main] internal.DialectFactoryImpl (DialectFactoryImpl.java:73) - HHH90000026: MySQL57Dialect has been deprecated; use org.hibernate.dialect.MySQLDialect instead
INFO  | 2024-02-04 12:36:36 | [main] internal.DdlTransactionIsolatorNonJtaImpl (DdlTransactionIsolatorNonJtaImpl.java:45) - HHH10001501: Connection obtained from JdbcConnectionAccess [org.hibernate.engine.jdbc.env.internal.JdbcEnvironmentInitiator$ConnectionProviderJdbcConnectionAccess@7fedb795] for (non-JTA) DDL execution was not in auto-commit mode; the Connection 'local transaction' will be committed and the Connection will be set into auto-commit mode.
INFO  | 2024-02-04 12:36:36 | [main] internal.JtaPlatformInitiator (JtaPlatformInitiator.java:51) - HHH000490: Using JtaPlatform implementation: [org.hibernate.engine.transaction.jta.platform.internal.NoJtaPlatform]
INFO  | 2024-02-04 12:36:36 | [main] internal.DriverManagerConnectionProviderImpl$PoolState (DriverManagerConnectionProviderImpl.java:605) - HHH10001008: Cleaning up connection pool [jdbc:mysql://localhost:3306/hib_bca?useSSL=false]
INFO  | 2024-02-04 12:37:15 | [main] hibernate.Version (Version.java:44) - HHH000412: Hibernate ORM core version 6.1.5.Final
WARN  | 2024-02-04 12:37:15 | [main] stax.LocalXmlResourceResolver (LocalXmlResourceResolver.java:110) - HHH90000012: Recognized obsolete hibernate namespace http://hibernate.sourceforge.net/hibernate-configuration. Use namespace http://www.hibernate.org/dtd/hibernate-configuration instead.  Support for obsolete DTD/XSD namespaces may be removed at any time.
WARN  | 2024-02-04 12:37:15 | [main] internal.DriverManagerConnectionProviderImpl (DriverManagerConnectionProviderImpl.java:77) - HHH10001002: Using built-in connection pool (not intended for production use)
INFO  | 2024-02-04 12:37:15 | [main] internal.DriverManagerConnectionProviderImpl (DriverManagerConnectionProviderImpl.java:136) - HHH10001005: Loaded JDBC driver class: com.mysql.cj.jdbc.Driver
INFO  | 2024-02-04 12:37:15 | [main] internal.DriverManagerConnectionProviderImpl (DriverManagerConnectionProviderImpl.java:158) - HHH10001012: Connecting with JDBC URL [jdbc:mysql://localhost:3306/hib_bca?useSSL=false]
INFO  | 2024-02-04 12:37:15 | [main] internal.DriverManagerConnectionProviderImpl (DriverManagerConnectionProviderImpl.java:167) - HHH10001001: Connection properties: {password=****, user=root}
INFO  | 2024-02-04 12:37:15 | [main] internal.DriverManagerConnectionProviderImpl (DriverManagerConnectionProviderImpl.java:171) - HHH10001003: Autocommit mode: false
INFO  | 2024-02-04 12:37:15 | [main] internal.DriverManagerConnectionProviderImpl$PooledConnections (DriverManagerConnectionProviderImpl.java:363) - HHH10001115: Connection pool size: 50 (min=1)
INFO  | 2024-02-04 12:37:15 | [main] internal.DialectFactoryImpl (DialectFactoryImpl.java:66) - HHH000400: Using dialect: org.hibernate.dialect.MySQL57Dialect
WARN  | 2024-02-04 12:37:15 | [main] internal.DialectFactoryImpl (DialectFactoryImpl.java:73) - HHH90000026: MySQL57Dialect has been deprecated; use org.hibernate.dialect.MySQLDialect instead
INFO  | 2024-02-04 12:37:16 | [main] internal.DdlTransactionIsolatorNonJtaImpl (DdlTransactionIsolatorNonJtaImpl.java:45) - HHH10001501: Connection obtained from JdbcConnectionAccess [org.hibernate.engine.jdbc.env.internal.JdbcEnvironmentInitiator$ConnectionProviderJdbcConnectionAccess@7fedb795] for (non-JTA) DDL execution was not in auto-commit mode; the Connection 'local transaction' will be committed and the Connection will be set into auto-commit mode.
INFO  | 2024-02-04 12:37:16 | [main] internal.JtaPlatformInitiator (JtaPlatformInitiator.java:51) - HHH000490: Using JtaPlatform implementation: [org.hibernate.engine.transaction.jta.platform.internal.NoJtaPlatform]
INFO  | 2024-02-04 12:37:16 | [main] internal.DriverManagerConnectionProviderImpl$PoolState (DriverManagerConnectionProviderImpl.java:605) - HHH10001008: Cleaning up connection pool [jdbc:mysql://localhost:3306/hib_bca?useSSL=false]
INFO  | 2024-02-04 12:37:50 | [main] hibernate.Version (Version.java:44) - HHH000412: Hibernate ORM core version 6.1.5.Final
WARN  | 2024-02-04 12:37:50 | [main] stax.LocalXmlResourceResolver (LocalXmlResourceResolver.java:110) - HHH90000012: Recognized obsolete hibernate namespace http://hibernate.sourceforge.net/hibernate-configuration. Use namespace http://www.hibernate.org/dtd/hibernate-configuration instead.  Support for obsolete DTD/XSD namespaces may be removed at any time.
WARN  | 2024-02-04 12:37:50 | [main] internal.DriverManagerConnectionProviderImpl (DriverManagerConnectionProviderImpl.java:77) - HHH10001002: Using built-in connection pool (not intended for production use)
INFO  | 2024-02-04 12:37:50 | [main] internal.DriverManagerConnectionProviderImpl (DriverManagerConnectionProviderImpl.java:136) - HHH10001005: Loaded JDBC driver class: com.mysql.cj.jdbc.Driver
INFO  | 2024-02-04 12:37:50 | [main] internal.DriverManagerConnectionProviderImpl (DriverManagerConnectionProviderImpl.java:158) - HHH10001012: Connecting with JDBC URL [jdbc:mysql://localhost:3306/hib_bca?useSSL=false]
INFO  | 2024-02-04 12:37:50 | [main] internal.DriverManagerConnectionProviderImpl (DriverManagerConnectionProviderImpl.java:167) - HHH10001001: Connection properties: {password=****, user=root}
INFO  | 2024-02-04 12:37:50 | [main] internal.DriverManagerConnectionProviderImpl (DriverManagerConnectionProviderImpl.java:171) - HHH10001003: Autocommit mode: false
INFO  | 2024-02-04 12:37:50 | [main] internal.DriverManagerConnectionProviderImpl$PooledConnections (DriverManagerConnectionProviderImpl.java:363) - HHH10001115: Connection pool size: 50 (min=1)
INFO  | 2024-02-04 12:37:50 | [main] internal.DialectFactoryImpl (DialectFactoryImpl.java:66) - HHH000400: Using dialect: org.hibernate.dialect.MySQL57Dialect
WARN  | 2024-02-04 12:37:50 | [main] internal.DialectFactoryImpl (DialectFactoryImpl.java:73) - HHH90000026: MySQL57Dialect has been deprecated; use org.hibernate.dialect.MySQLDialect instead
INFO  | 2024-02-04 12:37:51 | [main] internal.DdlTransactionIsolatorNonJtaImpl (DdlTransactionIsolatorNonJtaImpl.java:45) - HHH10001501: Connection obtained from JdbcConnectionAccess [org.hibernate.engine.jdbc.env.internal.JdbcEnvironmentInitiator$ConnectionProviderJdbcConnectionAccess@773014d3] for (non-JTA) DDL execution was not in auto-commit mode; the Connection 'local transaction' will be committed and the Connection will be set into auto-commit mode.
INFO  | 2024-02-04 12:37:51 | [main] internal.JtaPlatformInitiator (JtaPlatformInitiator.java:51) - HHH000490: Using JtaPlatform implementation: [org.hibernate.engine.transaction.jta.platform.internal.NoJtaPlatform]
INFO  | 2024-02-04 12:43:09 | [main] hibernate.Version (Version.java:44) - HHH000412: Hibernate ORM core version 6.1.5.Final
WARN  | 2024-02-04 12:43:09 | [main] stax.LocalXmlResourceResolver (LocalXmlResourceResolver.java:110) - HHH90000012: Recognized obsolete hibernate namespace http://hibernate.sourceforge.net/hibernate-configuration. Use namespace http://www.hibernate.org/dtd/hibernate-configuration instead.  Support for obsolete DTD/XSD namespaces may be removed at any time.
WARN  | 2024-02-04 12:43:10 | [main] internal.DriverManagerConnectionProviderImpl (DriverManagerConnectionProviderImpl.java:77) - HHH10001002: Using built-in connection pool (not intended for production use)
INFO  | 2024-02-04 12:43:10 | [main] internal.DriverManagerConnectionProviderImpl (DriverManagerConnectionProviderImpl.java:136) - HHH10001005: Loaded JDBC driver class: com.mysql.cj.jdbc.Driver
INFO  | 2024-02-04 12:43:10 | [main] internal.DriverManagerConnectionProviderImpl (DriverManagerConnectionProviderImpl.java:158) - HHH10001012: Connecting with JDBC URL [jdbc:mysql://localhost:3306/hib_bca?useSSL=false]
INFO  | 2024-02-04 12:43:10 | [main] internal.DriverManagerConnectionProviderImpl (DriverManagerConnectionProviderImpl.java:167) - HHH10001001: Connection properties: {password=****, user=root}
INFO  | 2024-02-04 12:43:10 | [main] internal.DriverManagerConnectionProviderImpl (DriverManagerConnectionProviderImpl.java:171) - HHH10001003: Autocommit mode: false
INFO  | 2024-02-04 12:43:10 | [main] internal.DriverManagerConnectionProviderImpl$PooledConnections (DriverManagerConnectionProviderImpl.java:363) - HHH10001115: Connection pool size: 50 (min=1)
INFO  | 2024-02-04 12:43:10 | [main] internal.DialectFactoryImpl (DialectFactoryImpl.java:66) - HHH000400: Using dialect: org.hibernate.dialect.MySQL57Dialect
WARN  | 2024-02-04 12:43:10 | [main] internal.DialectFactoryImpl (DialectFactoryImpl.java:73) - HHH90000026: MySQL57Dialect has been deprecated; use org.hibernate.dialect.MySQLDialect instead
INFO  | 2024-02-04 12:43:11 | [main] internal.DdlTransactionIsolatorNonJtaImpl (DdlTransactionIsolatorNonJtaImpl.java:45) - HHH10001501: Connection obtained from JdbcConnectionAccess [org.hibernate.engine.jdbc.env.internal.JdbcEnvironmentInitiator$ConnectionProviderJdbcConnectionAccess@7fedb795] for (non-JTA) DDL execution was not in auto-commit mode; the Connection 'local transaction' will be committed and the Connection will be set into auto-commit mode.
INFO  | 2024-02-04 12:43:11 | [main] internal.JtaPlatformInitiator (JtaPlatformInitiator.java:51) - HHH000490: Using JtaPlatform implementation: [org.hibernate.engine.transaction.jta.platform.internal.NoJtaPlatform]
INFO  | 2024-02-04 12:43:11 | [main] internal.DriverManagerConnectionProviderImpl$PoolState (DriverManagerConnectionProviderImpl.java:605) - HHH10001008: Cleaning up connection pool [jdbc:mysql://localhost:3306/hib_bca?useSSL=false]
INFO  | 2024-02-04 12:44:17 | [main] hibernate.Version (Version.java:44) - HHH000412: Hibernate ORM core version 6.1.5.Final
WARN  | 2024-02-04 12:44:18 | [main] stax.LocalXmlResourceResolver (LocalXmlResourceResolver.java:110) - HHH90000012: Recognized obsolete hibernate namespace http://hibernate.sourceforge.net/hibernate-configuration. Use namespace http://www.hibernate.org/dtd/hibernate-configuration instead.  Support for obsolete DTD/XSD namespaces may be removed at any time.
WARN  | 2024-02-04 12:44:18 | [main] internal.DriverManagerConnectionProviderImpl (DriverManagerConnectionProviderImpl.java:77) - HHH10001002: Using built-in connection pool (not intended for production use)
INFO  | 2024-02-04 12:44:18 | [main] internal.DriverManagerConnectionProviderImpl (DriverManagerConnectionProviderImpl.java:136) - HHH10001005: Loaded JDBC driver class: com.mysql.cj.jdbc.Driver
INFO  | 2024-02-04 12:44:18 | [main] internal.DriverManagerConnectionProviderImpl (DriverManagerConnectionProviderImpl.java:158) - HHH10001012: Connecting with JDBC URL [jdbc:mysql://localhost:3306/hib_bca?useSSL=false]
INFO  | 2024-02-04 12:44:18 | [main] internal.DriverManagerConnectionProviderImpl (DriverManagerConnectionProviderImpl.java:167) - HHH10001001: Connection properties: {password=****, user=root}
INFO  | 2024-02-04 12:44:18 | [main] internal.DriverManagerConnectionProviderImpl (DriverManagerConnectionProviderImpl.java:171) - HHH10001003: Autocommit mode: false
INFO  | 2024-02-04 12:44:18 | [main] internal.DriverManagerConnectionProviderImpl$PooledConnections (DriverManagerConnectionProviderImpl.java:363) - HHH10001115: Connection pool size: 50 (min=1)
INFO  | 2024-02-04 12:44:18 | [main] internal.DialectFactoryImpl (DialectFactoryImpl.java:66) - HHH000400: Using dialect: org.hibernate.dialect.MySQL57Dialect
WARN  | 2024-02-04 12:44:18 | [main] internal.DialectFactoryImpl (DialectFactoryImpl.java:73) - HHH90000026: MySQL57Dialect has been deprecated; use org.hibernate.dialect.MySQLDialect instead
INFO  | 2024-02-04 12:44:19 | [main] internal.DdlTransactionIsolatorNonJtaImpl (DdlTransactionIsolatorNonJtaImpl.java:45) - HHH10001501: Connection obtained from JdbcConnectionAccess [org.hibernate.engine.jdbc.env.internal.JdbcEnvironmentInitiator$ConnectionProviderJdbcConnectionAccess@773014d3] for (non-JTA) DDL execution was not in auto-commit mode; the Connection 'local transaction' will be committed and the Connection will be set into auto-commit mode.
INFO  | 2024-02-04 12:44:19 | [main] internal.JtaPlatformInitiator (JtaPlatformInitiator.java:51) - HHH000490: Using JtaPlatform implementation: [org.hibernate.engine.transaction.jta.platform.internal.NoJtaPlatform]
INFO  | 2024-02-04 12:44:19 | [main] internal.DriverManagerConnectionProviderImpl$PoolState (DriverManagerConnectionProviderImpl.java:605) - HHH10001008: Cleaning up connection pool [jdbc:mysql://localhost:3306/hib_bca?useSSL=false]
INFO  | 2024-02-05 08:20:47 | [main] hibernate.Version (Version.java:44) - HHH000412: Hibernate ORM core version 6.1.5.Final
WARN  | 2024-02-05 08:20:47 | [main] stax.LocalXmlResourceResolver (LocalXmlResourceResolver.java:110) - HHH90000012: Recognized obsolete hibernate namespace http://hibernate.sourceforge.net/hibernate-configuration. Use namespace http://www.hibernate.org/dtd/hibernate-configuration instead.  Support for obsolete DTD/XSD namespaces may be removed at any time.
WARN  | 2024-02-05 08:20:47 | [main] internal.DriverManagerConnectionProviderImpl (DriverManagerConnectionProviderImpl.java:77) - HHH10001002: Using built-in connection pool (not intended for production use)
INFO  | 2024-02-05 08:20:47 | [main] internal.DriverManagerConnectionProviderImpl (DriverManagerConnectionProviderImpl.java:136) - HHH10001005: Loaded JDBC driver class: com.mysql.cj.jdbc.Driver
INFO  | 2024-02-05 08:20:47 | [main] internal.DriverManagerConnectionProviderImpl (DriverManagerConnectionProviderImpl.java:158) - HHH10001012: Connecting with JDBC URL [jdbc:mysql://localhost:3306/hib_bca?useSSL=false]
INFO  | 2024-02-05 08:20:47 | [main] internal.DriverManagerConnectionProviderImpl (DriverManagerConnectionProviderImpl.java:167) - HHH10001001: Connection properties: {password=****, user=root}
INFO  | 2024-02-05 08:20:47 | [main] internal.DriverManagerConnectionProviderImpl (DriverManagerConnectionProviderImpl.java:171) - HHH10001003: Autocommit mode: false
INFO  | 2024-02-05 08:20:47 | [main] internal.DriverManagerConnectionProviderImpl$PooledConnections (DriverManagerConnectionProviderImpl.java:363) - HHH10001115: Connection pool size: 50 (min=1)
INFO  | 2024-02-05 08:20:47 | [main] internal.DialectFactoryImpl (DialectFactoryImpl.java:66) - HHH000400: Using dialect: org.hibernate.dialect.MySQL57Dialect
WARN  | 2024-02-05 08:20:47 | [main] internal.DialectFactoryImpl (DialectFactoryImpl.java:73) - HHH90000026: MySQL57Dialect has been deprecated; use org.hibernate.dialect.MySQLDialect instead
INFO  | 2024-02-05 08:20:48 | [main] internal.DdlTransactionIsolatorNonJtaImpl (DdlTransactionIsolatorNonJtaImpl.java:45) - HHH10001501: Connection obtained from JdbcConnectionAccess [org.hibernate.engine.jdbc.env.internal.JdbcEnvironmentInitiator$ConnectionProviderJdbcConnectionAccess@40d52be7] for (non-JTA) DDL execution was not in auto-commit mode; the Connection 'local transaction' will be committed and the Connection will be set into auto-commit mode.
INFO  | 2024-02-05 08:20:48 | [main] internal.JtaPlatformInitiator (JtaPlatformInitiator.java:51) - HHH000490: Using JtaPlatform implementation: [org.hibernate.engine.transaction.jta.platform.internal.NoJtaPlatform]
INFO  | 2024-02-05 08:20:48 | [main] internal.DriverManagerConnectionProviderImpl$PoolState (DriverManagerConnectionProviderImpl.java:605) - HHH10001008: Cleaning up connection pool [jdbc:mysql://localhost:3306/hib_bca?useSSL=false]
INFO  | 2024-02-05 08:27:51 | [main] hibernate.Version (Version.java:44) - HHH000412: Hibernate ORM core version 6.1.5.Final
WARN  | 2024-02-05 08:27:51 | [main] stax.LocalXmlResourceResolver (LocalXmlResourceResolver.java:110) - HHH90000012: Recognized obsolete hibernate namespace http://hibernate.sourceforge.net/hibernate-configuration. Use namespace http://www.hibernate.org/dtd/hibernate-configuration instead.  Support for obsolete DTD/XSD namespaces may be removed at any time.
WARN  | 2024-02-05 08:27:51 | [main] internal.DriverManagerConnectionProviderImpl (DriverManagerConnectionProviderImpl.java:77) - HHH10001002: Using built-in connection pool (not intended for production use)
INFO  | 2024-02-05 08:27:51 | [main] internal.DriverManagerConnectionProviderImpl (DriverManagerConnectionProviderImpl.java:136) - HHH10001005: Loaded JDBC driver class: com.mysql.cj.jdbc.Driver
INFO  | 2024-02-05 08:27:51 | [main] internal.DriverManagerConnectionProviderImpl (DriverManagerConnectionProviderImpl.java:158) - HHH10001012: Connecting with JDBC URL [jdbc:mysql://localhost:3306/hib_bca?useSSL=false]
INFO  | 2024-02-05 08:27:51 | [main] internal.DriverManagerConnectionProviderImpl (DriverManagerConnectionProviderImpl.java:167) - HHH10001001: Connection properties: {password=****, user=root}
INFO  | 2024-02-05 08:27:51 | [main] internal.DriverManagerConnectionProviderImpl (DriverManagerConnectionProviderImpl.java:171) - HHH10001003: Autocommit mode: false
INFO  | 2024-02-05 08:27:51 | [main] internal.DriverManagerConnectionProviderImpl$PooledConnections (DriverManagerConnectionProviderImpl.java:363) - HHH10001115: Connection pool size: 50 (min=1)
INFO  | 2024-02-05 08:27:51 | [main] internal.DialectFactoryImpl (DialectFactoryImpl.java:66) - HHH000400: Using dialect: org.hibernate.dialect.MySQL57Dialect
WARN  | 2024-02-05 08:27:51 | [main] internal.DialectFactoryImpl (DialectFactoryImpl.java:73) - HHH90000026: MySQL57Dialect has been deprecated; use org.hibernate.dialect.MySQLDialect instead
INFO  | 2024-02-05 08:27:52 | [main] internal.DdlTransactionIsolatorNonJtaImpl (DdlTransactionIsolatorNonJtaImpl.java:45) - HHH10001501: Connection obtained from JdbcConnectionAccess [org.hibernate.engine.jdbc.env.internal.JdbcEnvironmentInitiator$ConnectionProviderJdbcConnectionAccess@5a90265a] for (non-JTA) DDL execution was not in auto-commit mode; the Connection 'local transaction' will be committed and the Connection will be set into auto-commit mode.
INFO  | 2024-02-05 08:27:52 | [main] internal.DdlTransactionIsolatorNonJtaImpl (DdlTransactionIsolatorNonJtaImpl.java:45) - HHH10001501: Connection obtained from JdbcConnectionAccess [org.hibernate.engine.jdbc.env.internal.JdbcEnvironmentInitiator$ConnectionProviderJdbcConnectionAccess@61ffd148] for (non-JTA) DDL execution was not in auto-commit mode; the Connection 'local transaction' will be committed and the Connection will be set into auto-commit mode.
INFO  | 2024-02-05 08:27:52 | [main] internal.JtaPlatformInitiator (JtaPlatformInitiator.java:51) - HHH000490: Using JtaPlatform implementation: [org.hibernate.engine.transaction.jta.platform.internal.NoJtaPlatform]
INFO  | 2024-02-05 08:27:52 | [main] internal.DriverManagerConnectionProviderImpl$PoolState (DriverManagerConnectionProviderImpl.java:605) - HHH10001008: Cleaning up connection pool [jdbc:mysql://localhost:3306/hib_bca?useSSL=false]
INFO  | 2024-02-05 08:28:49 | [main] hibernate.Version (Version.java:44) - HHH000412: Hibernate ORM core version 6.1.5.Final
WARN  | 2024-02-05 08:28:49 | [main] stax.LocalXmlResourceResolver (LocalXmlResourceResolver.java:110) - HHH90000012: Recognized obsolete hibernate namespace http://hibernate.sourceforge.net/hibernate-configuration. Use namespace http://www.hibernate.org/dtd/hibernate-configuration instead.  Support for obsolete DTD/XSD namespaces may be removed at any time.
WARN  | 2024-02-05 08:28:49 | [main] internal.DriverManagerConnectionProviderImpl (DriverManagerConnectionProviderImpl.java:77) - HHH10001002: Using built-in connection pool (not intended for production use)
INFO  | 2024-02-05 08:28:49 | [main] internal.DriverManagerConnectionProviderImpl (DriverManagerConnectionProviderImpl.java:136) - HHH10001005: Loaded JDBC driver class: com.mysql.cj.jdbc.Driver
INFO  | 2024-02-05 08:28:49 | [main] internal.DriverManagerConnectionProviderImpl (DriverManagerConnectionProviderImpl.java:158) - HHH10001012: Connecting with JDBC URL [jdbc:mysql://localhost:3306/hib_bca?useSSL=false]
INFO  | 2024-02-05 08:28:49 | [main] internal.DriverManagerConnectionProviderImpl (DriverManagerConnectionProviderImpl.java:167) - HHH10001001: Connection properties: {password=****, user=root}
INFO  | 2024-02-05 08:28:49 | [main] internal.DriverManagerConnectionProviderImpl (DriverManagerConnectionProviderImpl.java:171) - HHH10001003: Autocommit mode: false
INFO  | 2024-02-05 08:28:49 | [main] internal.DriverManagerConnectionProviderImpl$PooledConnections (DriverManagerConnectionProviderImpl.java:363) - HHH10001115: Connection pool size: 50 (min=1)
INFO  | 2024-02-05 08:28:49 | [main] internal.DialectFactoryImpl (DialectFactoryImpl.java:66) - HHH000400: Using dialect: org.hibernate.dialect.MySQL57Dialect
WARN  | 2024-02-05 08:28:49 | [main] internal.DialectFactoryImpl (DialectFactoryImpl.java:73) - HHH90000026: MySQL57Dialect has been deprecated; use org.hibernate.dialect.MySQLDialect instead
INFO  | 2024-02-05 08:28:50 | [main] internal.DdlTransactionIsolatorNonJtaImpl (DdlTransactionIsolatorNonJtaImpl.java:45) - HHH10001501: Connection obtained from JdbcConnectionAccess [org.hibernate.engine.jdbc.env.internal.JdbcEnvironmentInitiator$ConnectionProviderJdbcConnectionAccess@5a90265a] for (non-JTA) DDL execution was not in auto-commit mode; the Connection 'local transaction' will be committed and the Connection will be set into auto-commit mode.
INFO  | 2024-02-05 08:28:50 | [main] internal.DdlTransactionIsolatorNonJtaImpl (DdlTransactionIsolatorNonJtaImpl.java:45) - HHH10001501: Connection obtained from JdbcConnectionAccess [org.hibernate.engine.jdbc.env.internal.JdbcEnvironmentInitiator$ConnectionProviderJdbcConnectionAccess@41f4039e] for (non-JTA) DDL execution was not in auto-commit mode; the Connection 'local transaction' will be committed and the Connection will be set into auto-commit mode.
INFO  | 2024-02-05 08:28:50 | [main] internal.JtaPlatformInitiator (JtaPlatformInitiator.java:51) - HHH000490: Using JtaPlatform implementation: [org.hibernate.engine.transaction.jta.platform.internal.NoJtaPlatform]
INFO  | 2024-02-05 08:28:50 | [main] internal.DriverManagerConnectionProviderImpl$PoolState (DriverManagerConnectionProviderImpl.java:605) - HHH10001008: Cleaning up connection pool [jdbc:mysql://localhost:3306/hib_bca?useSSL=false]
INFO  | 2024-02-05 08:30:01 | [main] hibernate.Version (Version.java:44) - HHH000412: Hibernate ORM core version 6.1.5.Final
WARN  | 2024-02-05 08:30:01 | [main] stax.LocalXmlResourceResolver (LocalXmlResourceResolver.java:110) - HHH90000012: Recognized obsolete hibernate namespace http://hibernate.sourceforge.net/hibernate-configuration. Use namespace http://www.hibernate.org/dtd/hibernate-configuration instead.  Support for obsolete DTD/XSD namespaces may be removed at any time.
WARN  | 2024-02-05 08:30:02 | [main] internal.DriverManagerConnectionProviderImpl (DriverManagerConnectionProviderImpl.java:77) - HHH10001002: Using built-in connection pool (not intended for production use)
INFO  | 2024-02-05 08:30:02 | [main] internal.DriverManagerConnectionProviderImpl (DriverManagerConnectionProviderImpl.java:136) - HHH10001005: Loaded JDBC driver class: com.mysql.cj.jdbc.Driver
INFO  | 2024-02-05 08:30:02 | [main] internal.DriverManagerConnectionProviderImpl (DriverManagerConnectionProviderImpl.java:158) - HHH10001012: Connecting with JDBC URL [jdbc:mysql://localhost:3306/hib_bca?useSSL=false]
INFO  | 2024-02-05 08:30:02 | [main] internal.DriverManagerConnectionProviderImpl (DriverManagerConnectionProviderImpl.java:167) - HHH10001001: Connection properties: {password=****, user=root}
INFO  | 2024-02-05 08:30:02 | [main] internal.DriverManagerConnectionProviderImpl (DriverManagerConnectionProviderImpl.java:171) - HHH10001003: Autocommit mode: false
INFO  | 2024-02-05 08:30:02 | [main] internal.DriverManagerConnectionProviderImpl$PooledConnections (DriverManagerConnectionProviderImpl.java:363) - HHH10001115: Connection pool size: 50 (min=1)
INFO  | 2024-02-05 08:30:02 | [main] internal.DialectFactoryImpl (DialectFactoryImpl.java:66) - HHH000400: Using dialect: org.hibernate.dialect.MySQL57Dialect
WARN  | 2024-02-05 08:30:02 | [main] internal.DialectFactoryImpl (DialectFactoryImpl.java:73) - HHH90000026: MySQL57Dialect has been deprecated; use org.hibernate.dialect.MySQLDialect instead
INFO  | 2024-02-05 08:30:02 | [main] internal.DdlTransactionIsolatorNonJtaImpl (DdlTransactionIsolatorNonJtaImpl.java:45) - HHH10001501: Connection obtained from JdbcConnectionAccess [org.hibernate.engine.jdbc.env.internal.JdbcEnvironmentInitiator$ConnectionProviderJdbcConnectionAccess@5a90265a] for (non-JTA) DDL execution was not in auto-commit mode; the Connection 'local transaction' will be committed and the Connection will be set into auto-commit mode.
INFO  | 2024-02-05 08:30:02 | [main] internal.DdlTransactionIsolatorNonJtaImpl (DdlTransactionIsolatorNonJtaImpl.java:45) - HHH10001501: Connection obtained from JdbcConnectionAccess [org.hibernate.engine.jdbc.env.internal.JdbcEnvironmentInitiator$ConnectionProviderJdbcConnectionAccess@61ffd148] for (non-JTA) DDL execution was not in auto-commit mode; the Connection 'local transaction' will be committed and the Connection will be set into auto-commit mode.
INFO  | 2024-02-05 08:30:02 | [main] internal.JtaPlatformInitiator (JtaPlatformInitiator.java:51) - HHH000490: Using JtaPlatform implementation: [org.hibernate.engine.transaction.jta.platform.internal.NoJtaPlatform]
INFO  | 2024-02-05 08:30:03 | [main] internal.SchemaDropperImpl$DelayedDropActionImpl (SchemaDropperImpl.java:585) - HHH000477: Starting delayed evictData of schema as part of SessionFactory shut-down'
INFO  | 2024-02-05 08:30:03 | [main] internal.DdlTransactionIsolatorNonJtaImpl (DdlTransactionIsolatorNonJtaImpl.java:45) - HHH10001501: Connection obtained from JdbcConnectionAccess [org.hibernate.engine.jdbc.env.internal.JdbcEnvironmentInitiator$ConnectionProviderJdbcConnectionAccess@2a87ba34] for (non-JTA) DDL execution was not in auto-commit mode; the Connection 'local transaction' will be committed and the Connection will be set into auto-commit mode.
INFO  | 2024-02-05 08:30:03 | [main] internal.DriverManagerConnectionProviderImpl$PoolState (DriverManagerConnectionProviderImpl.java:605) - HHH10001008: Cleaning up connection pool [jdbc:mysql://localhost:3306/hib_bca?useSSL=false]
INFO  | 2024-02-05 08:31:02 | [main] hibernate.Version (Version.java:44) - HHH000412: Hibernate ORM core version 6.1.5.Final
WARN  | 2024-02-05 08:31:02 | [main] stax.LocalXmlResourceResolver (LocalXmlResourceResolver.java:110) - HHH90000012: Recognized obsolete hibernate namespace http://hibernate.sourceforge.net/hibernate-configuration. Use namespace http://www.hibernate.org/dtd/hibernate-configuration instead.  Support for obsolete DTD/XSD namespaces may be removed at any time.
WARN  | 2024-02-05 08:31:02 | [main] internal.DriverManagerConnectionProviderImpl (DriverManagerConnectionProviderImpl.java:77) - HHH10001002: Using built-in connection pool (not intended for production use)
INFO  | 2024-02-05 08:31:02 | [main] internal.DriverManagerConnectionProviderImpl (DriverManagerConnectionProviderImpl.java:136) - HHH10001005: Loaded JDBC driver class: com.mysql.cj.jdbc.Driver
INFO  | 2024-02-05 08:31:02 | [main] internal.DriverManagerConnectionProviderImpl (DriverManagerConnectionProviderImpl.java:158) - HHH10001012: Connecting with JDBC URL [jdbc:mysql://localhost:3306/hib_bca?useSSL=false]
INFO  | 2024-02-05 08:31:02 | [main] internal.DriverManagerConnectionProviderImpl (DriverManagerConnectionProviderImpl.java:167) - HHH10001001: Connection properties: {password=****, user=root}
INFO  | 2024-02-05 08:31:02 | [main] internal.DriverManagerConnectionProviderImpl (DriverManagerConnectionProviderImpl.java:171) - HHH10001003: Autocommit mode: false
INFO  | 2024-02-05 08:31:02 | [main] internal.DriverManagerConnectionProviderImpl$PooledConnections (DriverManagerConnectionProviderImpl.java:363) - HHH10001115: Connection pool size: 50 (min=1)
INFO  | 2024-02-05 08:31:02 | [main] internal.DialectFactoryImpl (DialectFactoryImpl.java:66) - HHH000400: Using dialect: org.hibernate.dialect.MySQL57Dialect
WARN  | 2024-02-05 08:31:02 | [main] internal.DialectFactoryImpl (DialectFactoryImpl.java:73) - HHH90000026: MySQL57Dialect has been deprecated; use org.hibernate.dialect.MySQLDialect instead
INFO  | 2024-02-05 08:31:02 | [main] internal.DdlTransactionIsolatorNonJtaImpl (DdlTransactionIsolatorNonJtaImpl.java:45) - HHH10001501: Connection obtained from JdbcConnectionAccess [org.hibernate.engine.jdbc.env.internal.JdbcEnvironmentInitiator$ConnectionProviderJdbcConnectionAccess@7fedb795] for (non-JTA) DDL execution was not in auto-commit mode; the Connection 'local transaction' will be committed and the Connection will be set into auto-commit mode.
INFO  | 2024-02-05 08:31:03 | [main] internal.JtaPlatformInitiator (JtaPlatformInitiator.java:51) - HHH000490: Using JtaPlatform implementation: [org.hibernate.engine.transaction.jta.platform.internal.NoJtaPlatform]
INFO  | 2024-02-05 08:31:03 | [main] internal.DriverManagerConnectionProviderImpl$PoolState (DriverManagerConnectionProviderImpl.java:605) - HHH10001008: Cleaning up connection pool [jdbc:mysql://localhost:3306/hib_bca?useSSL=false]
INFO  | 2024-02-05 08:31:26 | [main] hibernate.Version (Version.java:44) - HHH000412: Hibernate ORM core version 6.1.5.Final
WARN  | 2024-02-05 08:31:26 | [main] stax.LocalXmlResourceResolver (LocalXmlResourceResolver.java:110) - HHH90000012: Recognized obsolete hibernate namespace http://hibernate.sourceforge.net/hibernate-configuration. Use namespace http://www.hibernate.org/dtd/hibernate-configuration instead.  Support for obsolete DTD/XSD namespaces may be removed at any time.
WARN  | 2024-02-05 08:31:27 | [main] internal.DriverManagerConnectionProviderImpl (DriverManagerConnectionProviderImpl.java:77) - HHH10001002: Using built-in connection pool (not intended for production use)
INFO  | 2024-02-05 08:31:27 | [main] internal.DriverManagerConnectionProviderImpl (DriverManagerConnectionProviderImpl.java:136) - HHH10001005: Loaded JDBC driver class: com.mysql.cj.jdbc.Driver
INFO  | 2024-02-05 08:31:27 | [main] internal.DriverManagerConnectionProviderImpl (DriverManagerConnectionProviderImpl.java:158) - HHH10001012: Connecting with JDBC URL [jdbc:mysql://localhost:3306/hib_bca?useSSL=false]
INFO  | 2024-02-05 08:31:27 | [main] internal.DriverManagerConnectionProviderImpl (DriverManagerConnectionProviderImpl.java:167) - HHH10001001: Connection properties: {password=****, user=root}
INFO  | 2024-02-05 08:31:27 | [main] internal.DriverManagerConnectionProviderImpl (DriverManagerConnectionProviderImpl.java:171) - HHH10001003: Autocommit mode: false
INFO  | 2024-02-05 08:31:27 | [main] internal.DriverManagerConnectionProviderImpl$PooledConnections (DriverManagerConnectionProviderImpl.java:363) - HHH10001115: Connection pool size: 50 (min=1)
INFO  | 2024-02-05 08:31:27 | [main] internal.DialectFactoryImpl (DialectFactoryImpl.java:66) - HHH000400: Using dialect: org.hibernate.dialect.MySQL57Dialect
WARN  | 2024-02-05 08:31:27 | [main] internal.DialectFactoryImpl (DialectFactoryImpl.java:73) - HHH90000026: MySQL57Dialect has been deprecated; use org.hibernate.dialect.MySQLDialect instead
INFO  | 2024-02-05 08:31:27 | [main] internal.DdlTransactionIsolatorNonJtaImpl (DdlTransactionIsolatorNonJtaImpl.java:45) - HHH10001501: Connection obtained from JdbcConnectionAccess [org.hibernate.engine.jdbc.env.internal.JdbcEnvironmentInitiator$ConnectionProviderJdbcConnectionAccess@7fedb795] for (non-JTA) DDL execution was not in auto-commit mode; the Connection 'local transaction' will be committed and the Connection will be set into auto-commit mode.
INFO  | 2024-02-05 08:31:27 | [main] internal.JtaPlatformInitiator (JtaPlatformInitiator.java:51) - HHH000490: Using JtaPlatform implementation: [org.hibernate.engine.transaction.jta.platform.internal.NoJtaPlatform]
INFO  | 2024-02-05 08:31:27 | [main] internal.DriverManagerConnectionProviderImpl$PoolState (DriverManagerConnectionProviderImpl.java:605) - HHH10001008: Cleaning up connection pool [jdbc:mysql://localhost:3306/hib_bca?useSSL=false]
INFO  | 2024-02-05 08:33:05 | [main] hibernate.Version (Version.java:44) - HHH000412: Hibernate ORM core version 6.1.5.Final
WARN  | 2024-02-05 08:33:06 | [main] stax.LocalXmlResourceResolver (LocalXmlResourceResolver.java:110) - HHH90000012: Recognized obsolete hibernate namespace http://hibernate.sourceforge.net/hibernate-configuration. Use namespace http://www.hibernate.org/dtd/hibernate-configuration instead.  Support for obsolete DTD/XSD namespaces may be removed at any time.
WARN  | 2024-02-05 08:33:06 | [main] internal.DriverManagerConnectionProviderImpl (DriverManagerConnectionProviderImpl.java:77) - HHH10001002: Using built-in connection pool (not intended for production use)
INFO  | 2024-02-05 08:33:06 | [main] internal.DriverManagerConnectionProviderImpl (DriverManagerConnectionProviderImpl.java:136) - HHH10001005: Loaded JDBC driver class: com.mysql.cj.jdbc.Driver
INFO  | 2024-02-05 08:33:06 | [main] internal.DriverManagerConnectionProviderImpl (DriverManagerConnectionProviderImpl.java:158) - HHH10001012: Connecting with JDBC URL [jdbc:mysql://localhost:3306/hib_bca?useSSL=false]
INFO  | 2024-02-05 08:33:06 | [main] internal.DriverManagerConnectionProviderImpl (DriverManagerConnectionProviderImpl.java:167) - HHH10001001: Connection properties: {password=****, user=root}
INFO  | 2024-02-05 08:33:06 | [main] internal.DriverManagerConnectionProviderImpl (DriverManagerConnectionProviderImpl.java:171) - HHH10001003: Autocommit mode: false
INFO  | 2024-02-05 08:33:06 | [main] internal.DriverManagerConnectionProviderImpl$PooledConnections (DriverManagerConnectionProviderImpl.java:363) - HHH10001115: Connection pool size: 50 (min=1)
INFO  | 2024-02-05 08:33:06 | [main] internal.DialectFactoryImpl (DialectFactoryImpl.java:66) - HHH000400: Using dialect: org.hibernate.dialect.MySQL57Dialect
WARN  | 2024-02-05 08:33:06 | [main] internal.DialectFactoryImpl (DialectFactoryImpl.java:73) - HHH90000026: MySQL57Dialect has been deprecated; use org.hibernate.dialect.MySQLDialect instead
INFO  | 2024-02-05 08:33:06 | [main] internal.DdlTransactionIsolatorNonJtaImpl (DdlTransactionIsolatorNonJtaImpl.java:45) - HHH10001501: Connection obtained from JdbcConnectionAccess [org.hibernate.engine.jdbc.env.internal.JdbcEnvironmentInitiator$ConnectionProviderJdbcConnectionAccess@2c748a15] for (non-JTA) DDL execution was not in auto-commit mode; the Connection 'local transaction' will be committed and the Connection will be set into auto-commit mode.
INFO  | 2024-02-05 08:33:06 | [main] internal.JtaPlatformInitiator (JtaPlatformInitiator.java:51) - HHH000490: Using JtaPlatform implementation: [org.hibernate.engine.transaction.jta.platform.internal.NoJtaPlatform]
INFO  | 2024-02-05 08:33:06 | [main] internal.DriverManagerConnectionProviderImpl$PoolState (DriverManagerConnectionProviderImpl.java:605) - HHH10001008: Cleaning up connection pool [jdbc:mysql://localhost:3306/hib_bca?useSSL=false]
INFO  | 2024-02-05 08:34:17 | [main] hibernate.Version (Version.java:44) - HHH000412: Hibernate ORM core version 6.1.5.Final
WARN  | 2024-02-05 08:34:17 | [main] stax.LocalXmlResourceResolver (LocalXmlResourceResolver.java:110) - HHH90000012: Recognized obsolete hibernate namespace http://hibernate.sourceforge.net/hibernate-configuration. Use namespace http://www.hibernate.org/dtd/hibernate-configuration instead.  Support for obsolete DTD/XSD namespaces may be removed at any time.
WARN  | 2024-02-05 08:34:17 | [main] internal.DriverManagerConnectionProviderImpl (DriverManagerConnectionProviderImpl.java:77) - HHH10001002: Using built-in connection pool (not intended for production use)
INFO  | 2024-02-05 08:34:17 | [main] internal.DriverManagerConnectionProviderImpl (DriverManagerConnectionProviderImpl.java:136) - HHH10001005: Loaded JDBC driver class: com.mysql.cj.jdbc.Driver
INFO  | 2024-02-05 08:34:17 | [main] internal.DriverManagerConnectionProviderImpl (DriverManagerConnectionProviderImpl.java:158) - HHH10001012: Connecting with JDBC URL [jdbc:mysql://localhost:3306/hib_bca?useSSL=false]
INFO  | 2024-02-05 08:34:17 | [main] internal.DriverManagerConnectionProviderImpl (DriverManagerConnectionProviderImpl.java:167) - HHH10001001: Connection properties: {password=****, user=root}
INFO  | 2024-02-05 08:34:17 | [main] internal.DriverManagerConnectionProviderImpl (DriverManagerConnectionProviderImpl.java:171) - HHH10001003: Autocommit mode: false
INFO  | 2024-02-05 08:34:17 | [main] internal.DriverManagerConnectionProviderImpl$PooledConnections (DriverManagerConnectionProviderImpl.java:363) - HHH10001115: Connection pool size: 50 (min=1)
INFO  | 2024-02-05 08:34:17 | [main] internal.DialectFactoryImpl (DialectFactoryImpl.java:66) - HHH000400: Using dialect: org.hibernate.dialect.MySQL57Dialect
WARN  | 2024-02-05 08:34:17 | [main] internal.DialectFactoryImpl (DialectFactoryImpl.java:73) - HHH90000026: MySQL57Dialect has been deprecated; use org.hibernate.dialect.MySQLDialect instead
INFO  | 2024-02-05 08:34:18 | [main] internal.DdlTransactionIsolatorNonJtaImpl (DdlTransactionIsolatorNonJtaImpl.java:45) - HHH10001501: Connection obtained from JdbcConnectionAccess [org.hibernate.engine.jdbc.env.internal.JdbcEnvironmentInitiator$ConnectionProviderJdbcConnectionAccess@39dec536] for (non-JTA) DDL execution was not in auto-commit mode; the Connection 'local transaction' will be committed and the Connection will be set into auto-commit mode.
INFO  | 2024-02-05 08:34:18 | [main] internal.JtaPlatformInitiator (JtaPlatformInitiator.java:51) - HHH000490: Using JtaPlatform implementation: [org.hibernate.engine.transaction.jta.platform.internal.NoJtaPlatform]
INFO  | 2024-02-05 08:34:18 | [main] internal.DriverManagerConnectionProviderImpl$PoolState (DriverManagerConnectionProviderImpl.java:605) - HHH10001008: Cleaning up connection pool [jdbc:mysql://localhost:3306/hib_bca?useSSL=false]
INFO  | 2024-02-05 08:35:25 | [main] hibernate.Version (Version.java:44) - HHH000412: Hibernate ORM core version 6.1.5.Final
WARN  | 2024-02-05 08:35:25 | [main] stax.LocalXmlResourceResolver (LocalXmlResourceResolver.java:110) - HHH90000012: Recognized obsolete hibernate namespace http://hibernate.sourceforge.net/hibernate-configuration. Use namespace http://www.hibernate.org/dtd/hibernate-configuration instead.  Support for obsolete DTD/XSD namespaces may be removed at any time.
WARN  | 2024-02-05 08:35:26 | [main] internal.DriverManagerConnectionProviderImpl (DriverManagerConnectionProviderImpl.java:77) - HHH10001002: Using built-in connection pool (not intended for production use)
INFO  | 2024-02-05 08:35:26 | [main] internal.DriverManagerConnectionProviderImpl (DriverManagerConnectionProviderImpl.java:136) - HHH10001005: Loaded JDBC driver class: com.mysql.cj.jdbc.Driver
INFO  | 2024-02-05 08:35:26 | [main] internal.DriverManagerConnectionProviderImpl (DriverManagerConnectionProviderImpl.java:158) - HHH10001012: Connecting with JDBC URL [jdbc:mysql://localhost:3306/hib_bca?useSSL=false]
INFO  | 2024-02-05 08:35:26 | [main] internal.DriverManagerConnectionProviderImpl (DriverManagerConnectionProviderImpl.java:167) - HHH10001001: Connection properties: {password=****, user=root}
INFO  | 2024-02-05 08:35:26 | [main] internal.DriverManagerConnectionProviderImpl (DriverManagerConnectionProviderImpl.java:171) - HHH10001003: Autocommit mode: false
INFO  | 2024-02-05 08:35:26 | [main] internal.DriverManagerConnectionProviderImpl$PooledConnections (DriverManagerConnectionProviderImpl.java:363) - HHH10001115: Connection pool size: 50 (min=1)
INFO  | 2024-02-05 08:35:26 | [main] internal.DialectFactoryImpl (DialectFactoryImpl.java:66) - HHH000400: Using dialect: org.hibernate.dialect.MySQL57Dialect
WARN  | 2024-02-05 08:35:26 | [main] internal.DialectFactoryImpl (DialectFactoryImpl.java:73) - HHH90000026: MySQL57Dialect has been deprecated; use org.hibernate.dialect.MySQLDialect instead
INFO  | 2024-02-05 08:35:26 | [main] internal.DdlTransactionIsolatorNonJtaImpl (DdlTransactionIsolatorNonJtaImpl.java:45) - HHH10001501: Connection obtained from JdbcConnectionAccess [org.hibernate.engine.jdbc.env.internal.JdbcEnvironmentInitiator$ConnectionProviderJdbcConnectionAccess@7fedb795] for (non-JTA) DDL execution was not in auto-commit mode; the Connection 'local transaction' will be committed and the Connection will be set into auto-commit mode.
INFO  | 2024-02-05 08:35:26 | [main] internal.DriverManagerConnectionProviderImpl$PoolState (DriverManagerConnectionProviderImpl.java:605) - HHH10001008: Cleaning up connection pool [jdbc:mysql://localhost:3306/hib_bca?useSSL=false]
INFO  | 2024-02-05 08:51:48 | [main] hibernate.Version (Version.java:44) - HHH000412: Hibernate ORM core version 6.1.5.Final
WARN  | 2024-02-05 08:51:48 | [main] stax.LocalXmlResourceResolver (LocalXmlResourceResolver.java:110) - HHH90000012: Recognized obsolete hibernate namespace http://hibernate.sourceforge.net/hibernate-configuration. Use namespace http://www.hibernate.org/dtd/hibernate-configuration instead.  Support for obsolete DTD/XSD namespaces may be removed at any time.
WARN  | 2024-02-05 08:51:49 | [main] internal.DriverManagerConnectionProviderImpl (DriverManagerConnectionProviderImpl.java:77) - HHH10001002: Using built-in connection pool (not intended for production use)
INFO  | 2024-02-05 08:51:49 | [main] internal.DriverManagerConnectionProviderImpl (DriverManagerConnectionProviderImpl.java:136) - HHH10001005: Loaded JDBC driver class: com.mysql.cj.jdbc.Driver
INFO  | 2024-02-05 08:51:49 | [main] internal.DriverManagerConnectionProviderImpl (DriverManagerConnectionProviderImpl.java:158) - HHH10001012: Connecting with JDBC URL [jdbc:mysql://localhost:3306/hib_bca?useSSL=false]
INFO  | 2024-02-05 08:51:49 | [main] internal.DriverManagerConnectionProviderImpl (DriverManagerConnectionProviderImpl.java:167) - HHH10001001: Connection properties: {password=****, user=root}
INFO  | 2024-02-05 08:51:49 | [main] internal.DriverManagerConnectionProviderImpl (DriverManagerConnectionProviderImpl.java:171) - HHH10001003: Autocommit mode: false
INFO  | 2024-02-05 08:51:49 | [main] internal.DriverManagerConnectionProviderImpl$PooledConnections (DriverManagerConnectionProviderImpl.java:363) - HHH10001115: Connection pool size: 50 (min=1)
INFO  | 2024-02-05 08:51:49 | [main] internal.DialectFactoryImpl (DialectFactoryImpl.java:66) - HHH000400: Using dialect: org.hibernate.dialect.MySQL57Dialect
WARN  | 2024-02-05 08:51:49 | [main] internal.DialectFactoryImpl (DialectFactoryImpl.java:73) - HHH90000026: MySQL57Dialect has been deprecated; use org.hibernate.dialect.MySQLDialect instead
INFO  | 2024-02-05 08:51:49 | [main] internal.DdlTransactionIsolatorNonJtaImpl (DdlTransactionIsolatorNonJtaImpl.java:45) - HHH10001501: Connection obtained from JdbcConnectionAccess [org.hibernate.engine.jdbc.env.internal.JdbcEnvironmentInitiator$ConnectionProviderJdbcConnectionAccess@602f8f94] for (non-JTA) DDL execution was not in auto-commit mode; the Connection 'local transaction' will be committed and the Connection will be set into auto-commit mode.
INFO  | 2024-02-05 08:51:49 | [main] internal.DdlTransactionIsolatorNonJtaImpl (DdlTransactionIsolatorNonJtaImpl.java:45) - HHH10001501: Connection obtained from JdbcConnectionAccess [org.hibernate.engine.jdbc.env.internal.JdbcEnvironmentInitiator$ConnectionProviderJdbcConnectionAccess@286855ea] for (non-JTA) DDL execution was not in auto-commit mode; the Connection 'local transaction' will be committed and the Connection will be set into auto-commit mode.
INFO  | 2024-02-05 08:51:49 | [main] internal.JtaPlatformInitiator (JtaPlatformInitiator.java:51) - HHH000490: Using JtaPlatform implementation: [org.hibernate.engine.transaction.jta.platform.internal.NoJtaPlatform]
INFO  | 2024-02-05 08:51:49 | [main] internal.DriverManagerConnectionProviderImpl$PoolState (DriverManagerConnectionProviderImpl.java:605) - HHH10001008: Cleaning up connection pool [jdbc:mysql://localhost:3306/hib_bca?useSSL=false]
INFO  | 2024-02-05 08:54:39 | [main] hibernate.Version (Version.java:44) - HHH000412: Hibernate ORM core version 6.1.5.Final
WARN  | 2024-02-05 08:54:40 | [main] stax.LocalXmlResourceResolver (LocalXmlResourceResolver.java:110) - HHH90000012: Recognized obsolete hibernate namespace http://hibernate.sourceforge.net/hibernate-configuration. Use namespace http://www.hibernate.org/dtd/hibernate-configuration instead.  Support for obsolete DTD/XSD namespaces may be removed at any time.
WARN  | 2024-02-05 08:54:40 | [main] internal.DriverManagerConnectionProviderImpl (DriverManagerConnectionProviderImpl.java:77) - HHH10001002: Using built-in connection pool (not intended for production use)
INFO  | 2024-02-05 08:54:40 | [main] internal.DriverManagerConnectionProviderImpl (DriverManagerConnectionProviderImpl.java:136) - HHH10001005: Loaded JDBC driver class: com.mysql.cj.jdbc.Driver
INFO  | 2024-02-05 08:54:40 | [main] internal.DriverManagerConnectionProviderImpl (DriverManagerConnectionProviderImpl.java:158) - HHH10001012: Connecting with JDBC URL [jdbc:mysql://localhost:3306/hib_bca?useSSL=false]
INFO  | 2024-02-05 08:54:40 | [main] internal.DriverManagerConnectionProviderImpl (DriverManagerConnectionProviderImpl.java:167) - HHH10001001: Connection properties: {password=****, user=root}
INFO  | 2024-02-05 08:54:40 | [main] internal.DriverManagerConnectionProviderImpl (DriverManagerConnectionProviderImpl.java:171) - HHH10001003: Autocommit mode: false
INFO  | 2024-02-05 08:54:40 | [main] internal.DriverManagerConnectionProviderImpl$PooledConnections (DriverManagerConnectionProviderImpl.java:363) - HHH10001115: Connection pool size: 50 (min=1)
INFO  | 2024-02-05 08:54:40 | [main] internal.DialectFactoryImpl (DialectFactoryImpl.java:66) - HHH000400: Using dialect: org.hibernate.dialect.MySQL57Dialect
WARN  | 2024-02-05 08:54:40 | [main] internal.DialectFactoryImpl (DialectFactoryImpl.java:73) - HHH90000026: MySQL57Dialect has been deprecated; use org.hibernate.dialect.MySQLDialect instead
INFO  | 2024-02-05 08:54:40 | [main] internal.DdlTransactionIsolatorNonJtaImpl (DdlTransactionIsolatorNonJtaImpl.java:45) - HHH10001501: Connection obtained from JdbcConnectionAccess [org.hibernate.engine.jdbc.env.internal.JdbcEnvironmentInitiator$ConnectionProviderJdbcConnectionAccess@7730ef88] for (non-JTA) DDL execution was not in auto-commit mode; the Connection 'local transaction' will be committed and the Connection will be set into auto-commit mode.
INFO  | 2024-02-05 08:54:40 | [main] internal.DdlTransactionIsolatorNonJtaImpl (DdlTransactionIsolatorNonJtaImpl.java:45) - HHH10001501: Connection obtained from JdbcConnectionAccess [org.hibernate.engine.jdbc.env.internal.JdbcEnvironmentInitiator$ConnectionProviderJdbcConnectionAccess@3b0c3951] for (non-JTA) DDL execution was not in auto-commit mode; the Connection 'local transaction' will be committed and the Connection will be set into auto-commit mode.
INFO  | 2024-02-05 08:54:40 | [main] internal.JtaPlatformInitiator (JtaPlatformInitiator.java:51) - HHH000490: Using JtaPlatform implementation: [org.hibernate.engine.transaction.jta.platform.internal.NoJtaPlatform]
INFO  | 2024-02-05 08:54:41 | [main] internal.DriverManagerConnectionProviderImpl$PoolState (DriverManagerConnectionProviderImpl.java:605) - HHH10001008: Cleaning up connection pool [jdbc:mysql://localhost:3306/hib_bca?useSSL=false]
INFO  | 2024-02-05 08:57:35 | [main] hibernate.Version (Version.java:44) - HHH000412: Hibernate ORM core version 6.1.5.Final
WARN  | 2024-02-05 08:57:36 | [main] stax.LocalXmlResourceResolver (LocalXmlResourceResolver.java:110) - HHH90000012: Recognized obsolete hibernate namespace http://hibernate.sourceforge.net/hibernate-configuration. Use namespace http://www.hibernate.org/dtd/hibernate-configuration instead.  Support for obsolete DTD/XSD namespaces may be removed at any time.
WARN  | 2024-02-05 08:57:36 | [main] internal.DriverManagerConnectionProviderImpl (DriverManagerConnectionProviderImpl.java:77) - HHH10001002: Using built-in connection pool (not intended for production use)
INFO  | 2024-02-05 08:57:36 | [main] internal.DriverManagerConnectionProviderImpl (DriverManagerConnectionProviderImpl.java:136) - HHH10001005: Loaded JDBC driver class: com.mysql.cj.jdbc.Driver
INFO  | 2024-02-05 08:57:36 | [main] internal.DriverManagerConnectionProviderImpl (DriverManagerConnectionProviderImpl.java:158) - HHH10001012: Connecting with JDBC URL [jdbc:mysql://localhost:3306/hib_bca?useSSL=false]
INFO  | 2024-02-05 08:57:36 | [main] internal.DriverManagerConnectionProviderImpl (DriverManagerConnectionProviderImpl.java:167) - HHH10001001: Connection properties: {password=****, user=root}
INFO  | 2024-02-05 08:57:36 | [main] internal.DriverManagerConnectionProviderImpl (DriverManagerConnectionProviderImpl.java:171) - HHH10001003: Autocommit mode: false
INFO  | 2024-02-05 08:57:36 | [main] internal.DriverManagerConnectionProviderImpl$PooledConnections (DriverManagerConnectionProviderImpl.java:363) - HHH10001115: Connection pool size: 50 (min=1)
INFO  | 2024-02-05 08:57:36 | [main] internal.DialectFactoryImpl (DialectFactoryImpl.java:66) - HHH000400: Using dialect: org.hibernate.dialect.MySQL57Dialect
WARN  | 2024-02-05 08:57:36 | [main] internal.DialectFactoryImpl (DialectFactoryImpl.java:73) - HHH90000026: MySQL57Dialect has been deprecated; use org.hibernate.dialect.MySQLDialect instead
INFO  | 2024-02-05 08:57:36 | [main] internal.DdlTransactionIsolatorNonJtaImpl (DdlTransactionIsolatorNonJtaImpl.java:45) - HHH10001501: Connection obtained from JdbcConnectionAccess [org.hibernate.engine.jdbc.env.internal.JdbcEnvironmentInitiator$ConnectionProviderJdbcConnectionAccess@3730f716] for (non-JTA) DDL execution was not in auto-commit mode; the Connection 'local transaction' will be committed and the Connection will be set into auto-commit mode.
INFO  | 2024-02-05 08:57:36 | [main] internal.DdlTransactionIsolatorNonJtaImpl (DdlTransactionIsolatorNonJtaImpl.java:45) - HHH10001501: Connection obtained from JdbcConnectionAccess [org.hibernate.engine.jdbc.env.internal.JdbcEnvironmentInitiator$ConnectionProviderJdbcConnectionAccess@637791d] for (non-JTA) DDL execution was not in auto-commit mode; the Connection 'local transaction' will be committed and the Connection will be set into auto-commit mode.
INFO  | 2024-02-05 08:57:36 | [main] internal.JtaPlatformInitiator (JtaPlatformInitiator.java:51) - HHH000490: Using JtaPlatform implementation: [org.hibernate.engine.transaction.jta.platform.internal.NoJtaPlatform]
INFO  | 2024-02-05 08:57:36 | [main] internal.DriverManagerConnectionProviderImpl$PoolState (DriverManagerConnectionProviderImpl.java:605) - HHH10001008: Cleaning up connection pool [jdbc:mysql://localhost:3306/hib_bca?useSSL=false]
INFO  | 2024-02-05 08:58:56 | [main] hibernate.Version (Version.java:44) - HHH000412: Hibernate ORM core version 6.1.5.Final
WARN  | 2024-02-05 08:58:56 | [main] stax.LocalXmlResourceResolver (LocalXmlResourceResolver.java:110) - HHH90000012: Recognized obsolete hibernate namespace http://hibernate.sourceforge.net/hibernate-configuration. Use namespace http://www.hibernate.org/dtd/hibernate-configuration instead.  Support for obsolete DTD/XSD namespaces may be removed at any time.
WARN  | 2024-02-05 08:58:56 | [main] internal.DriverManagerConnectionProviderImpl (DriverManagerConnectionProviderImpl.java:77) - HHH10001002: Using built-in connection pool (not intended for production use)
INFO  | 2024-02-05 08:58:56 | [main] internal.DriverManagerConnectionProviderImpl (DriverManagerConnectionProviderImpl.java:136) - HHH10001005: Loaded JDBC driver class: com.mysql.cj.jdbc.Driver
INFO  | 2024-02-05 08:58:56 | [main] internal.DriverManagerConnectionProviderImpl (DriverManagerConnectionProviderImpl.java:158) - HHH10001012: Connecting with JDBC URL [jdbc:mysql://localhost:3306/hib_bca?useSSL=false]
INFO  | 2024-02-05 08:58:56 | [main] internal.DriverManagerConnectionProviderImpl (DriverManagerConnectionProviderImpl.java:167) - HHH10001001: Connection properties: {password=****, user=root}
INFO  | 2024-02-05 08:58:56 | [main] internal.DriverManagerConnectionProviderImpl (DriverManagerConnectionProviderImpl.java:171) - HHH10001003: Autocommit mode: false
INFO  | 2024-02-05 08:58:56 | [main] internal.DriverManagerConnectionProviderImpl$PooledConnections (DriverManagerConnectionProviderImpl.java:363) - HHH10001115: Connection pool size: 50 (min=1)
INFO  | 2024-02-05 08:58:56 | [main] internal.DialectFactoryImpl (DialectFactoryImpl.java:66) - HHH000400: Using dialect: org.hibernate.dialect.MySQL57Dialect
WARN  | 2024-02-05 08:58:56 | [main] internal.DialectFactoryImpl (DialectFactoryImpl.java:73) - HHH90000026: MySQL57Dialect has been deprecated; use org.hibernate.dialect.MySQLDialect instead
INFO  | 2024-02-05 08:58:56 | [main] internal.DdlTransactionIsolatorNonJtaImpl (DdlTransactionIsolatorNonJtaImpl.java:45) - HHH10001501: Connection obtained from JdbcConnectionAccess [org.hibernate.engine.jdbc.env.internal.JdbcEnvironmentInitiator$ConnectionProviderJdbcConnectionAccess@261bd7b] for (non-JTA) DDL execution was not in auto-commit mode; the Connection 'local transaction' will be committed and the Connection will be set into auto-commit mode.
INFO  | 2024-02-05 08:58:56 | [main] internal.JtaPlatformInitiator (JtaPlatformInitiator.java:51) - HHH000490: Using JtaPlatform implementation: [org.hibernate.engine.transaction.jta.platform.internal.NoJtaPlatform]
INFO  | 2024-02-05 08:58:56 | [main] internal.DriverManagerConnectionProviderImpl$PoolState (DriverManagerConnectionProviderImpl.java:605) - HHH10001008: Cleaning up connection pool [jdbc:mysql://localhost:3306/hib_bca?useSSL=false]
INFO  | 2024-02-05 09:21:23 | [main] hibernate.Version (Version.java:44) - HHH000412: Hibernate ORM core version 6.1.5.Final
WARN  | 2024-02-05 09:21:23 | [main] stax.LocalXmlResourceResolver (LocalXmlResourceResolver.java:110) - HHH90000012: Recognized obsolete hibernate namespace http://hibernate.sourceforge.net/hibernate-configuration. Use namespace http://www.hibernate.org/dtd/hibernate-configuration instead.  Support for obsolete DTD/XSD namespaces may be removed at any time.
WARN  | 2024-02-05 09:21:23 | [main] internal.DriverManagerConnectionProviderImpl (DriverManagerConnectionProviderImpl.java:77) - HHH10001002: Using built-in connection pool (not intended for production use)
INFO  | 2024-02-05 09:21:23 | [main] internal.DriverManagerConnectionProviderImpl (DriverManagerConnectionProviderImpl.java:136) - HHH10001005: Loaded JDBC driver class: com.mysql.cj.jdbc.Driver
INFO  | 2024-02-05 09:21:23 | [main] internal.DriverManagerConnectionProviderImpl (DriverManagerConnectionProviderImpl.java:158) - HHH10001012: Connecting with JDBC URL [jdbc:mysql://localhost:3306/hib_bca?useSSL=false]
INFO  | 2024-02-05 09:21:23 | [main] internal.DriverManagerConnectionProviderImpl (DriverManagerConnectionProviderImpl.java:167) - HHH10001001: Connection properties: {password=****, user=root}
INFO  | 2024-02-05 09:21:23 | [main] internal.DriverManagerConnectionProviderImpl (DriverManagerConnectionProviderImpl.java:171) - HHH10001003: Autocommit mode: false
INFO  | 2024-02-05 09:21:23 | [main] internal.DriverManagerConnectionProviderImpl$PooledConnections (DriverManagerConnectionProviderImpl.java:363) - HHH10001115: Connection pool size: 50 (min=1)
INFO  | 2024-02-05 09:21:23 | [main] internal.DialectFactoryImpl (DialectFactoryImpl.java:66) - HHH000400: Using dialect: org.hibernate.dialect.MySQL57Dialect
WARN  | 2024-02-05 09:21:23 | [main] internal.DialectFactoryImpl (DialectFactoryImpl.java:73) - HHH90000026: MySQL57Dialect has been deprecated; use org.hibernate.dialect.MySQLDialect instead
INFO  | 2024-02-05 09:21:24 | [main] internal.DdlTransactionIsolatorNonJtaImpl (DdlTransactionIsolatorNonJtaImpl.java:45) - HHH10001501: Connection obtained from JdbcConnectionAccess [org.hibernate.engine.jdbc.env.internal.JdbcEnvironmentInitiator$ConnectionProviderJdbcConnectionAccess@261bd7b] for (non-JTA) DDL execution was not in auto-commit mode; the Connection 'local transaction' will be committed and the Connection will be set into auto-commit mode.
INFO  | 2024-02-05 09:21:24 | [main] internal.JtaPlatformInitiator (JtaPlatformInitiator.java:51) - HHH000490: Using JtaPlatform implementation: [org.hibernate.engine.transaction.jta.platform.internal.NoJtaPlatform]
INFO  | 2024-02-05 09:21:24 | [main] internal.DriverManagerConnectionProviderImpl$PoolState (DriverManagerConnectionProviderImpl.java:605) - HHH10001008: Cleaning up connection pool [jdbc:mysql://localhost:3306/hib_bca?useSSL=false]
